[INFO] 2020-08-28 12:50:38 - Moin
[INFO] 2020-08-28 12:50:51 - Moin
[INFO] 2020-08-28 12:51:03 - Moin
[INFO] 2020-08-28 12:53:15 - Moin
Test
Hi
Test
Hi
Test
Hi
Invalid Input: 
java.io.FileNotFoundException: C:\Users\svenp\IdeaProjects\Teltonika_Codec8E_Parser\logs\log.log (Das System kann die angegebene Datei nicht finden)
	at java.base/java.io.FileInputStream.open0(Native Method)
	at java.base/java.io.FileInputStream.open(FileInputStream.java:212)
	at java.base/java.io.FileInputStream.<init>(FileInputStream.java:154)
	at java.base/java.util.Scanner.<init>(Scanner.java:639)
	at DataParser.LogReader.getLogData(ReadLogs.java:65)
	at DataParser.LogReader.setHexCode(ReadLogs.java:128)
	at DataParser.LogReader.<init>(ReadLogs.java:24)
	at setDecodedData(Decoder.java:52)
	at DataParser.LogCache.<init>(Decoder.java:32)
	at JDBC.JDBC.main(JDBC.java:123)
	at java.base/jdk.internal.reflect.NativeMethodAccessorImpl.invoke0(Native Method)
	at java.base/jdk.internal.reflect.NativeMethodAccessorImpl.invoke(NativeMethodAccessorImpl.java:62)
	at java.base/jdk.internal.reflect.DelegatingMethodAccessorImpl.invoke(DelegatingMethodAccessorImpl.java:43)
	at java.base/java.lang.reflect.Method.invoke(Method.java:564)
	at com.intellij.rt.execution.application.AppMainV2.main(AppMainV2.java:131)
Error Message: 
java.text.ParseException: Unparseable date: "﻿2020-08-20 17:18:03,560 INFO   20.08.2020 17:18:03 - responded [00000001]"
	at java.base/java.text.DateFormat.parse(DateFormat.java:396)
	at convertToTimeStamp(ReadLogs.java:102)
	at validateTimeStamp(ReadLogs.java:112)
	at DataParser.LogReader.setHexCode(ReadLogs.java:135)
	at DataParser.LogReader.<init>(ReadLogs.java:24)
	at setDecodedData(Decoder.java:52)
	at DataParser.LogCache.<init>(Decoder.java:32)
	at JDBC.JDBC.main(JDBC.java:123)
	at java.base/jdk.internal.reflect.NativeMethodAccessorImpl.invoke0(Native Method)
	at java.base/jdk.internal.reflect.NativeMethodAccessorImpl.invoke(NativeMethodAccessorImpl.java:62)
	at java.base/jdk.internal.reflect.DelegatingMethodAccessorImpl.invoke(DelegatingMethodAccessorImpl.java:43)
	at java.base/java.lang.reflect.Method.invoke(Method.java:564)
	at com.intellij.rt.execution.application.AppMainV2.main(AppMainV2.java:131)
Error Message: 
java.text.ParseException: Unparseable date: "﻿2020-08-20 17:18:03,560 INFO   20.08.2020 17:18:03 - responded [00000001]"
	at java.base/java.text.DateFormat.parse(DateFormat.java:396)
	at convertToTimeStamp(ReadLogs.java:102)
	at validateTimeStamp(ReadLogs.java:112)
	at DataParser.LogReader.setHexCode(ReadLogs.java:135)
	at DataParser.LogReader.<init>(ReadLogs.java:24)
	at setDecodedData(Decoder.java:52)
	at DataParser.LogCache.<init>(Decoder.java:32)
	at JDBC.JDBC.main(JDBC.java:123)
	at java.base/jdk.internal.reflect.NativeMethodAccessorImpl.invoke0(Native Method)
	at java.base/jdk.internal.reflect.NativeMethodAccessorImpl.invoke(NativeMethodAccessorImpl.java:62)
	at java.base/jdk.internal.reflect.DelegatingMethodAccessorImpl.invoke(DelegatingMethodAccessorImpl.java:43)
	at java.base/java.lang.reflect.Method.invoke(Method.java:564)
	at com.intellij.rt.execution.application.AppMainV2.main(AppMainV2.java:131)
Error Message: 
java.text.ParseException: Unparseable date: "20.08.2020 17:18:03"
	at java.base/java.text.DateFormat.parse(DateFormat.java:396)
	at convertToTimeStamp(ReadLogs.java:102)
	at validateTimeStamp(ReadLogs.java:110)
	at DataParser.LogReader.setHexCode(ReadLogs.java:135)
	at DataParser.LogReader.<init>(ReadLogs.java:24)
	at setDecodedData(Decoder.java:52)
	at DataParser.LogCache.<init>(Decoder.java:32)
	at JDBC.JDBC.main(JDBC.java:123)
	at java.base/jdk.internal.reflect.NativeMethodAccessorImpl.invoke0(Native Method)
	at java.base/jdk.internal.reflect.NativeMethodAccessorImpl.invoke(NativeMethodAccessorImpl.java:62)
	at java.base/jdk.internal.reflect.DelegatingMethodAccessorImpl.invoke(DelegatingMethodAccessorImpl.java:43)
	at java.base/java.lang.reflect.Method.invoke(Method.java:564)
	at com.intellij.rt.execution.application.AppMainV2.main(AppMainV2.java:131)
Error Message: 
java.text.ParseException: Unparseable date: "20.08.2020 17:18:03"
	at java.base/java.text.DateFormat.parse(DateFormat.java:396)
	at convertToTimeStamp(ReadLogs.java:102)
	at validateTimeStamp(ReadLogs.java:110)
	at DataParser.LogReader.setHexCode(ReadLogs.java:135)
	at DataParser.LogReader.<init>(ReadLogs.java:24)
	at setDecodedData(Decoder.java:52)
	at DataParser.LogCache.<init>(Decoder.java:32)
	at JDBC.JDBC.main(JDBC.java:123)
Error Message: 
java.text.ParseException: Unparseable date: "20.08.2020 17:18:03"
	at java.base/java.text.DateFormat.parse(DateFormat.java:396)
	at convertToTimeStamp(ReadLogs.java:102)
	at validateTimeStamp(ReadLogs.java:110)
	at DataParser.LogReader.setHexCode(ReadLogs.java:135)
	at DataParser.LogReader.<init>(ReadLogs.java:24)
	at setDecodedData(Decoder.java:52)
	at DataParser.LogCache.<init>(Decoder.java:32)
	at JDBC.JDBC.main(JDBC.java:123)
Error Message: 
java.text.ParseException: Unparseable date: "20.08.2020 17:18:03"
	at java.base/java.text.DateFormat.parse(DateFormat.java:396)
	at convertToTimeStamp(ReadLogs.java:102)
	at validateTimeStamp(ReadLogs.java:110)
	at DataParser.LogReader.setHexCode(ReadLogs.java:135)
	at DataParser.LogReader.<init>(ReadLogs.java:24)
	at setDecodedData(Decoder.java:52)
	at DataParser.LogCache.<init>(Decoder.java:32)
	at JDBC.JDBC.main(JDBC.java:123)
	at java.base/jdk.internal.reflect.NativeMethodAccessorImpl.invoke0(Native Method)
	at java.base/jdk.internal.reflect.NativeMethodAccessorImpl.invoke(NativeMethodAccessorImpl.java:62)
	at java.base/jdk.internal.reflect.DelegatingMethodAccessorImpl.invoke(DelegatingMethodAccessorImpl.java:43)
	at java.base/java.lang.reflect.Method.invoke(Method.java:564)
	at com.intellij.rt.execution.application.AppMainV2.main(AppMainV2.java:131)
Error Message: 
java.text.ParseException: Unparseable date: "2020.08.20 17:18:03"
	at java.base/java.text.DateFormat.parse(DateFormat.java:396)
	at convertToTimeStamp(ReadLogs.java:102)
	at validateTimeStamp(ReadLogs.java:110)
	at DataParser.LogReader.setHexCode(ReadLogs.java:135)
	at DataParser.LogReader.<init>(ReadLogs.java:24)
	at setDecodedData(Decoder.java:52)
	at DataParser.LogCache.<init>(Decoder.java:32)
	at JDBC.JDBC.main(JDBC.java:123)
	at java.base/jdk.internal.reflect.NativeMethodAccessorImpl.invoke0(Native Method)
	at java.base/jdk.internal.reflect.NativeMethodAccessorImpl.invoke(NativeMethodAccessorImpl.java:62)
	at java.base/jdk.internal.reflect.DelegatingMethodAccessorImpl.invoke(DelegatingMethodAccessorImpl.java:43)
	at java.base/java.lang.reflect.Method.invoke(Method.java:564)
	at com.intellij.rt.execution.application.AppMainV2.main(AppMainV2.java:131)
Error Message: 
java.text.ParseException: Unparseable date: "2020.08.20 17:18:03"
	at java.base/java.text.DateFormat.parse(DateFormat.java:396)
	at convertToTimeStamp(ReadLogs.java:102)
	at validateTimeStamp(ReadLogs.java:110)
	at DataParser.LogReader.setHexCode(ReadLogs.java:135)
	at DataParser.LogReader.<init>(ReadLogs.java:24)
	at setDecodedData(Decoder.java:52)
	at DataParser.LogCache.<init>(Decoder.java:32)
	at JDBC.JDBC.main(JDBC.java:123)
Error Message: 
java.text.ParseException: Unparseable date: "2020.08.20 17:18:03"
	at java.base/java.text.DateFormat.parse(DateFormat.java:396)
	at convertToTimeStamp(ReadLogs.java:102)
	at validateTimeStamp(ReadLogs.java:110)
	at DataParser.LogReader.setHexCode(ReadLogs.java:135)
	at DataParser.LogReader.<init>(ReadLogs.java:24)
	at setDecodedData(Decoder.java:52)
	at DataParser.LogCache.<init>(Decoder.java:32)
	at JDBC.JDBC.main(JDBC.java:123)
Error Message: 
java.text.ParseException: Unparseable date: "2020-08-20 17:18:03"
	at java.base/java.text.DateFormat.parse(DateFormat.java:396)
	at convertToTimeStamp(ReadLogs.java:102)
	at validateTimeStamp(ReadLogs.java:110)
	at DataParser.LogReader.setHexCode(ReadLogs.java:135)
	at DataParser.LogReader.<init>(ReadLogs.java:24)
	at setDecodedData(Decoder.java:52)
	at DataParser.LogCache.<init>(Decoder.java:32)
	at JDBC.JDBC.main(JDBC.java:123)
	at java.base/jdk.internal.reflect.NativeMethodAccessorImpl.invoke0(Native Method)
	at java.base/jdk.internal.reflect.NativeMethodAccessorImpl.invoke(NativeMethodAccessorImpl.java:62)
	at java.base/jdk.internal.reflect.DelegatingMethodAccessorImpl.invoke(DelegatingMethodAccessorImpl.java:43)
	at java.base/java.lang.reflect.Method.invoke(Method.java:564)
	at com.intellij.rt.execution.application.AppMainV2.main(AppMainV2.java:131)
Error Message: 
java.text.ParseException: Unparseable date: "﻿2020-08-20 17:18:03,560 INFO   20.08.2020 17:18:03 - responded [00000001]"
	at java.base/java.text.DateFormat.parse(DateFormat.java:396)
	at convertToTimeStamp(ReadLogs.java:102)
	at validateTimeStamp(ReadLogs.java:112)
	at DataParser.LogReader.setHexCode(ReadLogs.java:135)
	at DataParser.LogReader.<init>(ReadLogs.java:24)
	at setDecodedData(Decoder.java:52)
	at DataParser.LogCache.<init>(Decoder.java:32)
	at JDBC.JDBC.main(JDBC.java:123)
	at java.base/jdk.internal.reflect.NativeMethodAccessorImpl.invoke0(Native Method)
	at java.base/jdk.internal.reflect.NativeMethodAccessorImpl.invoke(NativeMethodAccessorImpl.java:62)
	at java.base/jdk.internal.reflect.DelegatingMethodAccessorImpl.invoke(DelegatingMethodAccessorImpl.java:43)
	at java.base/java.lang.reflect.Method.invoke(Method.java:564)
	at com.intellij.rt.execution.application.AppMainV2.main(AppMainV2.java:131)
Error Message: 
java.text.ParseException: Unparseable date: "﻿2020-08-20 17:18:03,560 INFO   20.08.2020 17:18:03 - responded [00000001]"
	at java.base/java.text.DateFormat.parse(DateFormat.java:396)
	at convertToTimeStamp(ReadLogs.java:102)
	at validateTimeStamp(ReadLogs.java:112)
	at DataParser.LogReader.setHexCode(ReadLogs.java:135)
	at DataParser.LogReader.<init>(ReadLogs.java:24)
	at setDecodedData(Decoder.java:52)
	at DataParser.LogCache.<init>(Decoder.java:32)
	at JDBC.JDBC.main(JDBC.java:123)
Error Message: 
java.text.ParseException: Unparseable date: "﻿2020-08-20 17:18:03,560 INFO   20.08.2020 17:18:03 - responded [00000001]"
	at java.base/java.text.DateFormat.parse(DateFormat.java:396)
	at convertToTimeStamp(ReadLogs.java:102)
	at validateTimeStamp(ReadLogs.java:112)
	at DataParser.LogReader.setHexCode(ReadLogs.java:135)
	at DataParser.LogReader.<init>(ReadLogs.java:24)
	at setDecodedData(Decoder.java:52)
	at DataParser.LogCache.<init>(Decoder.java:32)
	at JDBC.JDBC.main(JDBC.java:123)
Error Message: 
java.text.ParseException: Unparseable date: "﻿2020-08-20 17:18:03,560 INFO   20.08.2020 17:18:03 - responded [00000001]"
	at java.base/java.text.DateFormat.parse(DateFormat.java:396)
	at convertToTimeStamp(ReadLogs.java:102)
	at validateTimeStamp(ReadLogs.java:112)
	at DataParser.LogReader.setHexCode(ReadLogs.java:135)
	at DataParser.LogReader.<init>(ReadLogs.java:24)
	at setDecodedData(Decoder.java:52)
	at DataParser.LogCache.<init>(Decoder.java:32)
	at JDBC.JDBC.main(JDBC.java:123)
Error Message: 
java.text.ParseException: Unparseable date: "﻿2020-08-20 17:18:03,560 INFO   20.08.2020 17:18:03 - responded [00000001]"
	at java.base/java.text.DateFormat.parse(DateFormat.java:396)
	at convertToTimeStamp(ReadLogs.java:102)
	at validateTimeStamp(ReadLogs.java:112)
	at DataParser.LogReader.setHexCode(ReadLogs.java:135)
	at DataParser.LogReader.<init>(ReadLogs.java:24)
	at setDecodedData(Decoder.java:52)
	at DataParser.LogCache.<init>(Decoder.java:32)
	at JDBC.JDBC.main(JDBC.java:123)
	at java.base/jdk.internal.reflect.NativeMethodAccessorImpl.invoke0(Native Method)
	at java.base/jdk.internal.reflect.NativeMethodAccessorImpl.invoke(NativeMethodAccessorImpl.java:62)
	at java.base/jdk.internal.reflect.DelegatingMethodAccessorImpl.invoke(DelegatingMethodAccessorImpl.java:43)
	at java.base/java.lang.reflect.Method.invoke(Method.java:564)
	at com.intellij.rt.execution.application.AppMainV2.main(AppMainV2.java:131)
Error Message: 
java.text.ParseException: Unparseable date: "﻿2020-08-20 17:18:03,560 INFO   20.08.2020 17:18:03 - responded [00000001]"
	at java.base/java.text.DateFormat.parse(DateFormat.java:396)
	at convertToTimeStamp(ReadLogs.java:102)
	at validateTimeStamp(ReadLogs.java:112)
	at DataParser.LogReader.setHexCode(ReadLogs.java:135)
	at DataParser.LogReader.<init>(ReadLogs.java:24)
	at setDecodedData(Decoder.java:52)
	at DataParser.LogCache.<init>(Decoder.java:32)
	at JDBC.JDBC.main(JDBC.java:123)
Error Message: 
java.text.ParseException: Unparseable date: "﻿2020-08-20 17:18:03,560 INFO   20.08.2020 17:18:03 - responded [00000001]"
	at java.base/java.text.DateFormat.parse(DateFormat.java:396)
	at convertToTimeStamp(ReadLogs.java:102)
	at validateTimeStamp(ReadLogs.java:112)
	at DataParser.LogReader.setHexCode(ReadLogs.java:135)
	at DataParser.LogReader.<init>(ReadLogs.java:24)
	at setDecodedData(Decoder.java:52)
	at DataParser.LogCache.<init>(Decoder.java:32)
	at JDBC.JDBC.main(JDBC.java:123)
Error Message: 
java.text.ParseException: Unparseable date: "﻿2020-08-20 17:18:03,560 INFO   20.08.2020 17:18:03 - responded [00000001]"
	at java.base/java.text.DateFormat.parse(DateFormat.java:396)
	at convertToTimeStamp(ReadLogs.java:102)
	at validateTimeStamp(ReadLogs.java:112)
	at DataParser.LogReader.setHexCode(ReadLogs.java:135)
	at DataParser.LogReader.<init>(ReadLogs.java:24)
	at setDecodedData(Decoder.java:52)
	at DataParser.LogCache.<init>(Decoder.java:32)
	at JDBC.JDBC.main(JDBC.java:123)
Error Message: 
java.text.ParseException: Unparseable date: "﻿2020-08-20 17:18:03,560 INFO   20.08.2020 17:18:03 - responded [00000001]"
	at java.base/java.text.DateFormat.parse(DateFormat.java:396)
	at convertToTimeStamp(ReadLogs.java:102)
	at validateTimeStamp(ReadLogs.java:112)
	at DataParser.LogReader.setHexCode(ReadLogs.java:135)
	at DataParser.LogReader.<init>(ReadLogs.java:24)
	at setDecodedData(Decoder.java:52)
	at DataParser.LogCache.<init>(Decoder.java:32)
	at JDBC.JDBC.main(JDBC.java:123)
	at java.base/jdk.internal.reflect.NativeMethodAccessorImpl.invoke0(Native Method)
	at java.base/jdk.internal.reflect.NativeMethodAccessorImpl.invoke(NativeMethodAccessorImpl.java:62)
	at java.base/jdk.internal.reflect.DelegatingMethodAccessorImpl.invoke(DelegatingMethodAccessorImpl.java:43)
	at java.base/java.lang.reflect.Method.invoke(Method.java:564)
	at com.intellij.rt.execution.application.AppMainV2.main(AppMainV2.java:131)
Error Message: 
java.text.ParseException: Unparseable date: "﻿2020-08-20 17:18:03,560 INFO   20.08.2020 17:18:03 - responded [00000001]"
	at java.base/java.text.DateFormat.parse(DateFormat.java:396)
	at convertToTimeStamp(ReadLogs.java:102)
	at validateTimeStamp(ReadLogs.java:112)
	at DataParser.LogReader.setHexCode(ReadLogs.java:135)
	at DataParser.LogReader.<init>(ReadLogs.java:24)
	at setDecodedData(Decoder.java:52)
	at DataParser.LogCache.<init>(Decoder.java:32)
	at JDBC.JDBC.main(JDBC.java:123)
Error Message: 
java.text.ParseException: Unparseable date: "﻿2020-08-20 17:18:03,560 INFO   20.08.2020 17:18:03 - responded [00000001]"
	at java.base/java.text.DateFormat.parse(DateFormat.java:396)
	at convertToTimeStamp(ReadLogs.java:102)
	at validateTimeStamp(ReadLogs.java:112)
	at DataParser.LogReader.setHexCode(ReadLogs.java:135)
	at DataParser.LogReader.<init>(ReadLogs.java:24)
	at setDecodedData(Decoder.java:52)
	at DataParser.LogCache.<init>(Decoder.java:32)
	at JDBC.JDBC.main(JDBC.java:123)
	at java.base/jdk.internal.reflect.NativeMethodAccessorImpl.invoke0(Native Method)
	at java.base/jdk.internal.reflect.NativeMethodAccessorImpl.invoke(NativeMethodAccessorImpl.java:62)
	at java.base/jdk.internal.reflect.DelegatingMethodAccessorImpl.invoke(DelegatingMethodAccessorImpl.java:43)
	at java.base/java.lang.reflect.Method.invoke(Method.java:564)
	at com.intellij.rt.execution.application.AppMainV2.main(AppMainV2.java:131)
Error Message: 
java.text.ParseException: Unparseable date: "﻿2020-08-20 17:18:0"
	at java.base/java.text.DateFormat.parse(DateFormat.java:396)
	at convertToTimeStamp(ReadLogs.java:102)
	at validateTimeStamp(ReadLogs.java:112)
	at DataParser.LogReader.setHexCode(ReadLogs.java:135)
	at DataParser.LogReader.<init>(ReadLogs.java:24)
	at setDecodedData(Decoder.java:52)
	at DataParser.LogCache.<init>(Decoder.java:32)
	at JDBC.JDBC.main(JDBC.java:123)
	at java.base/jdk.internal.reflect.NativeMethodAccessorImpl.invoke0(Native Method)
	at java.base/jdk.internal.reflect.NativeMethodAccessorImpl.invoke(NativeMethodAccessorImpl.java:62)
	at java.base/jdk.internal.reflect.DelegatingMethodAccessorImpl.invoke(DelegatingMethodAccessorImpl.java:43)
	at java.base/java.lang.reflect.Method.invoke(Method.java:564)
	at com.intellij.rt.execution.application.AppMainV2.main(AppMainV2.java:131)
Error Message: 
java.text.ParseException: Unparseable date: "﻿2020-08-20 17:18:03"
	at java.base/java.text.DateFormat.parse(DateFormat.java:396)
	at convertToTimeStamp(ReadLogs.java:102)
	at validateTimeStamp(ReadLogs.java:112)
	at DataParser.LogReader.setHexCode(ReadLogs.java:135)
	at DataParser.LogReader.<init>(ReadLogs.java:24)
	at setDecodedData(Decoder.java:52)
	at DataParser.LogCache.<init>(Decoder.java:32)
	at JDBC.JDBC.main(JDBC.java:123)
	at java.base/jdk.internal.reflect.NativeMethodAccessorImpl.invoke0(Native Method)
	at java.base/jdk.internal.reflect.NativeMethodAccessorImpl.invoke(NativeMethodAccessorImpl.java:62)
	at java.base/jdk.internal.reflect.DelegatingMethodAccessorImpl.invoke(DelegatingMethodAccessorImpl.java:43)
	at java.base/java.lang.reflect.Method.invoke(Method.java:564)
	at com.intellij.rt.execution.application.AppMainV2.main(AppMainV2.java:131)
Error Message: 
java.text.ParseException: Unparseable date: "﻿2020-08-20 17:18:03"
	at java.base/java.text.DateFormat.parse(DateFormat.java:396)
	at convertToTimeStamp(ReadLogs.java:102)
	at validateTimeStamp(ReadLogs.java:112)
	at DataParser.LogReader.setHexCode(ReadLogs.java:135)
	at DataParser.LogReader.<init>(ReadLogs.java:24)
	at setDecodedData(Decoder.java:52)
	at DataParser.LogCache.<init>(Decoder.java:32)
	at JDBC.JDBC.main(JDBC.java:123)
	at java.base/jdk.internal.reflect.NativeMethodAccessorImpl.invoke0(Native Method)
	at java.base/jdk.internal.reflect.NativeMethodAccessorImpl.invoke(NativeMethodAccessorImpl.java:62)
	at java.base/jdk.internal.reflect.DelegatingMethodAccessorImpl.invoke(DelegatingMethodAccessorImpl.java:43)
	at java.base/java.lang.reflect.Method.invoke(Method.java:564)
	at com.intellij.rt.execution.application.AppMainV2.main(AppMainV2.java:131)
Error Message: 
java.text.ParseException: Unparseable date: "﻿2020-08-20 17:18:03"
	at java.base/java.text.DateFormat.parse(DateFormat.java:396)
	at convertToTimeStamp(ReadLogs.java:102)
	at validateTimeStamp(ReadLogs.java:112)
	at DataParser.LogReader.setHexCode(ReadLogs.java:135)
	at DataParser.LogReader.<init>(ReadLogs.java:24)
	at setDecodedData(Decoder.java:52)
	at DataParser.LogCache.<init>(Decoder.java:32)
	at JDBC.JDBC.main(JDBC.java:123)
	at java.base/jdk.internal.reflect.NativeMethodAccessorImpl.invoke0(Native Method)
	at java.base/jdk.internal.reflect.NativeMethodAccessorImpl.invoke(NativeMethodAccessorImpl.java:62)
	at java.base/jdk.internal.reflect.DelegatingMethodAccessorImpl.invoke(DelegatingMethodAccessorImpl.java:43)
	at java.base/java.lang.reflect.Method.invoke(Method.java:564)
	at com.intellij.rt.execution.application.AppMainV2.main(AppMainV2.java:131)
Invalid PreAmble: null
Invalid PreAmble: null
Server: Establish DB-Connection
Server: Establish DB-Connection
Error Message: Cannot add or update a child row: a foreign key constraint fails (`dallmann_am2020`.`BEACON_POSITION`, CONSTRAINT `BEACON_POSITION_ibfk_1` FOREIGN KEY (`major`, `minor`) REFERENCES `BEACON` (`major`, `minor`))
SQL State: 23000
Server: Establish DB-Connection
Error Message: Cannot add or update a child row: a foreign key constraint fails (`dallmann_am2020`.`BEACON_POSITION`, CONSTRAINT `BEACON_POSITION_ibfk_1` FOREIGN KEY (`major`, `minor`) REFERENCES `BEACON` (`major`, `minor`))
SQL State: 23000
Server: Establish DB-Connection
Error Message: Cannot add or update a child row: a foreign key constraint fails (`dallmann_am2020`.`BEACON_POSITION`, CONSTRAINT `BEACON_POSITION_ibfk_1` FOREIGN KEY (`major`, `minor`) REFERENCES `BEACON` (`major`, `minor`))
SQL State: 23000
Server: Establish DB-Connection
Server: Establish DB-Connection
Error Message: Cannot add or update a child row: a foreign key constraint fails (`dallmann_am2020`.`BEACON_POSITION`, CONSTRAINT `BEACON_POSITION_ibfk_1` FOREIGN KEY (`major`, `minor`) REFERENCES `BEACON` (`major`, `minor`))
SQL State: 23000
Server: Establish DB-Connection
Error Message: Cannot add or update a child row: a foreign key constraint fails (`dallmann_am2020`.`BEACON_POSITION`, CONSTRAINT `BEACON_POSITION_ibfk_1` FOREIGN KEY (`major`, `minor`) REFERENCES `BEACON` (`major`, `minor`))
SQL State: 23000
Server: Establish DB-Connection
Server: Establish DB-Connection
Error Message: No value specified for parameter 4
SQL State: 07001
Server: Establish DB-Connection
Error Message: Cannot add or update a child row: a foreign key constraint fails (`dallmann_am2020`.`BEACON_POSITION`, CONSTRAINT `BEACON_POSITION_ibfk_1` FOREIGN KEY (`major`, `minor`) REFERENCES `BEACON` (`major`, `minor`))
SQL State: 23000
Server: Establish DB-Connection
Error Message: Cannot add or update a child row: a foreign key constraint fails (`dallmann_am2020`.`BEACON_POSITION`, CONSTRAINT `BEACON_POSITION_ibfk_1` FOREIGN KEY (`major`, `minor`) REFERENCES `BEACON` (`major`, `minor`))
SQL State: 23000
Server: Establish DB-Connection
Server: Establish DB-Connection
Error Message: Cannot add or update a child row: a foreign key constraint fails (`dallmann_am2020`.`BEACON_POSITION`, CONSTRAINT `BEACON_POSITION_ibfk_1` FOREIGN KEY (`major`, `minor`) REFERENCES `BEACON` (`major`, `minor`))
SQL State: 23000
Server: Establish DB-Connection
Error Message: Cannot add or update a child row: a foreign key constraint fails (`dallmann_am2020`.`BEACON_POSITION`, CONSTRAINT `BEACON_POSITION_ibfk_1` FOREIGN KEY (`major`, `minor`) REFERENCES `BEACON` (`major`, `minor`))
SQL State: 23000
Server: Establish DB-Connection
Server: Establish DB-Connection
Server: Establish DB-Connection
Error Message: Cannot add or update a child row: a foreign key constraint fails (`dallmann_am2020`.`BEACON_POSITION`, CONSTRAINT `BEACON_POSITION_ibfk_1` FOREIGN KEY (`major`, `minor`) REFERENCES `BEACON` (`major`, `minor`))
SQL State: 23000
Server: Establish DB-Connection
Server: Establish DB-Connection
Server: Establish DB-Connection
2020-09-23 --INFO -DataParser.LogCache:Test
2020-09-23 -INFO -DataParser.LogCache:Test
2020-09-23 INFO: Test
2020-09-23 INFO: Server: Establish DB-Connection
2020-09-23 INFO: Server: Establish DB-Connection
2020-09-23 INFO: Server: Establish DB-Connection
2020-09-23 INFO: Server: Establish DB-Connection
2020-09-23 INFO: Server: Establish DB-Connection
2020-09-23 INFO: Server: Establish DB-Connection
2020-09-24 INFO: Server: Establish DB-Connection
2020-09-24 INFO: Server: Establish DB-Connection
2020-09-26 INFO: Server: Establish DB-Connection
2020-09-27 INFO: Server: Establish DB-Connection
2020-09-27 INFO: Server: Establish DB-Connection
2020-09-27 DEBUG: Error Message: No value specified for parameter 6
2020-09-27 INFO: SQL State: 07001
2020-09-27 INFO: Server: Establish DB-Connection
2020-09-27 INFO: Server: Establish DB-Connection
2020-09-27 INFO: Server: Establish DB-Connection
2020-09-27 INFO: Server: Establish DB-Connection
2020-09-27 INFO: Server: Establish DB-Connection
2020-09-27 INFO: Server: Establish DB-Connection
2020-09-27 INFO: UPDATED 1 DEVICE SUCCESSFUL
2020-09-27 INFO: UPDATED 1 DEVICE SUCCESSFUL
2020-09-27 INFO: UPDATED 1 DEVICE SUCCESSFUL
2020-09-27 INFO: UPDATED 1 DEVICE SUCCESSFUL
2020-09-27 INFO: UPDATED 1 DEVICE SUCCESSFUL
2020-09-27 INFO: UPDATED 1 DEVICE SUCCESSFUL
2020-09-27 INFO: UPDATED 1 DEVICE SUCCESSFUL
2020-09-27 INFO: UPDATED 1 DEVICE SUCCESSFUL
2020-09-27 INFO: UPDATED 1 DEVICE SUCCESSFUL
2020-09-27 INFO: UPDATED 1 DEVICE SUCCESSFUL
2020-09-27 INFO: UPDATED 1 DEVICE SUCCESSFUL
2020-09-27 INFO: UPDATED 1 DEVICE SUCCESSFUL
2020-09-27 INFO: UPDATED 1 DEVICE SUCCESSFUL
2020-09-27 INFO: UPDATED 1 DEVICE SUCCESSFUL
2020-09-27 INFO: UPDATED 1 DEVICE SUCCESSFUL
2020-09-27 INFO: UPDATED 1 DEVICE SUCCESSFUL
2020-09-27 INFO: UPDATED 1 DEVICE SUCCESSFUL
2020-09-27 INFO: UPDATED 1 DEVICE SUCCESSFUL
2020-09-27 INFO: UPDATED 1 DEVICE SUCCESSFUL
2020-09-27 INFO: UPDATED 1 DEVICE SUCCESSFUL
2020-09-27 INFO: UPDATED 1 DEVICE SUCCESSFUL
2020-09-27 INFO: UPDATED 1 DEVICE SUCCESSFUL
2020-09-27 INFO: UPDATED 1 DEVICE SUCCESSFUL
2020-09-27 INFO: UPDATED 1 DEVICE SUCCESSFUL
2020-09-27 INFO: UPDATED 1 DEVICE SUCCESSFUL
2020-09-27 INFO: UPDATED 1 DEVICE SUCCESSFUL
2020-09-27 INFO: UPDATED 1 DEVICE SUCCESSFUL
2020-09-27 INFO: UPDATED 1 DEVICE SUCCESSFUL
2020-09-27 INFO: UPDATED 1 DEVICE SUCCESSFUL
2020-09-27 INFO: UPDATED 1 DEVICE SUCCESSFUL
2020-09-27 INFO: UPDATED 1 DEVICE SUCCESSFUL
2020-09-27 INFO: UPDATED 1 DEVICE SUCCESSFUL
2020-09-27 INFO: UPDATED 1 DEVICE SUCCESSFUL
2020-09-27 INFO: UPDATED 1 DEVICE SUCCESSFUL
2020-09-27 INFO: UPDATED 1 DEVICE SUCCESSFUL
2020-09-27 INFO: UPDATED 1 DEVICE SUCCESSFUL
2020-09-27 INFO: UPDATED 1 DEVICE SUCCESSFUL
2020-09-27 INFO: UPDATED 1 DEVICE SUCCESSFUL
2020-09-27 INFO: UPDATED 1 DEVICE SUCCESSFUL
2020-09-27 INFO: UPDATED 1 DEVICE SUCCESSFUL
2020-09-27 INFO: UPDATED 1 DEVICE SUCCESSFUL
2020-09-27 INFO: UPDATED 1 DEVICE SUCCESSFUL
2020-09-27 INFO: UPDATED 1 DEVICE SUCCESSFUL
2020-09-27 INFO: UPDATED 1 DEVICE SUCCESSFUL
2020-09-27 INFO: UPDATED 1 DEVICE SUCCESSFUL
2020-09-27 INFO: UPDATED 1 DEVICE SUCCESSFUL
2020-09-27 INFO: UPDATED 1 DEVICE SUCCESSFUL
2020-09-27 INFO: UPDATED 1 DEVICE SUCCESSFUL
2020-09-27 INFO: UPDATED 1 DEVICE SUCCESSFUL
2020-09-27 INFO: UPDATED 1 DEVICE SUCCESSFUL
2020-09-27 INFO: UPDATED 1 DEVICE SUCCESSFUL
2020-09-27 INFO: UPDATED 1 DEVICE SUCCESSFUL
2020-09-27 INFO: UPDATED 1 DEVICE SUCCESSFUL
2020-09-27 INFO: UPDATED 1 DEVICE SUCCESSFUL
2020-09-27 INFO: UPDATED 1 DEVICE SUCCESSFUL
2020-09-27 INFO: UPDATED 1 DEVICE SUCCESSFUL
2020-09-27 INFO: UPDATED 1 DEVICE SUCCESSFUL
2020-09-27 INFO: UPDATED 1 DEVICE SUCCESSFUL
2020-09-27 INFO: UPDATED 1 DEVICE SUCCESSFUL
2020-09-27 INFO: UPDATED 1 DEVICE SUCCESSFUL
2020-09-27 INFO: UPDATED 1 DEVICE SUCCESSFUL
2020-09-27 INFO: UPDATED 1 DEVICE SUCCESSFUL
2020-09-27 INFO: UPDATED 1 DEVICE SUCCESSFUL
2020-09-27 INFO: UPDATED 1 DEVICE SUCCESSFUL
2020-09-27 INFO: UPDATED 1 DEVICE SUCCESSFUL
2020-09-27 INFO: UPDATED 1 DEVICE SUCCESSFUL
2020-09-27 INFO: UPDATED 1 DEVICE SUCCESSFUL
2020-09-27 INFO: UPDATED 1 DEVICE SUCCESSFUL
2020-09-27 INFO: UPDATED 1 DEVICE SUCCESSFUL
2020-09-27 INFO: UPDATED 1 DEVICE SUCCESSFUL
2020-09-27 INFO: UPDATED 1 DEVICE SUCCESSFUL
2020-09-27 INFO: UPDATED 1 DEVICE SUCCESSFUL
2020-09-27 INFO: UPDATED 1 DEVICE SUCCESSFUL
2020-09-27 INFO: UPDATED 1 DEVICE SUCCESSFUL
2020-09-27 INFO: UPDATED 1 DEVICE SUCCESSFUL
2020-09-27 INFO: UPDATED 1 DEVICE SUCCESSFUL
2020-09-27 INFO: UPDATED 1 DEVICE SUCCESSFUL
2020-09-27 INFO: UPDATED 1 DEVICE SUCCESSFUL
2020-09-27 INFO: UPDATED 1 DEVICE SUCCESSFUL
2020-09-27 INFO: UPDATED 1 DEVICE SUCCESSFUL
2020-09-27 INFO: UPDATED 1 DEVICE SUCCESSFUL
2020-09-27 INFO: UPDATED 1 DEVICE SUCCESSFUL
2020-09-27 INFO: UPDATED 1 DEVICE SUCCESSFUL
2020-09-27 INFO: UPDATED 1 DEVICE SUCCESSFUL
2020-09-27 INFO: UPDATED 1 DEVICE SUCCESSFUL
2020-09-27 INFO: UPDATED 1 DEVICE SUCCESSFUL
2020-09-27 INFO: UPDATED 1 DEVICE SUCCESSFUL
2020-09-27 INFO: UPDATED 1 DEVICE SUCCESSFUL
2020-09-27 INFO: UPDATED 1 DEVICE SUCCESSFUL
2020-09-27 INFO: UPDATED 1 DEVICE SUCCESSFUL
2020-09-27 INFO: UPDATED 1 DEVICE SUCCESSFUL
2020-09-27 INFO: UPDATED 1 DEVICE SUCCESSFUL
2020-09-27 INFO: UPDATED 1 DEVICE SUCCESSFUL
2020-09-27 INFO: UPDATED 1 DEVICE SUCCESSFUL
2020-09-27 INFO: UPDATED 1 DEVICE SUCCESSFUL
2020-09-27 INFO: UPDATED 1 DEVICE SUCCESSFUL
2020-09-27 INFO: UPDATED 1 DEVICE SUCCESSFUL
2020-09-27 INFO: UPDATED 1 DEVICE SUCCESSFUL
2020-09-27 INFO: UPDATED 1 DEVICE SUCCESSFUL
2020-09-27 INFO: UPDATED 1 DEVICE SUCCESSFUL
2020-09-27 INFO: UPDATED 1 DEVICE SUCCESSFUL
2020-09-27 INFO: UPDATED 1 DEVICE SUCCESSFUL
2020-09-27 INFO: UPDATED 1 DEVICE SUCCESSFUL
2020-09-27 INFO: UPDATED 1 DEVICE SUCCESSFUL
2020-09-27 INFO: UPDATED 1 DEVICE SUCCESSFUL
2020-09-27 INFO: UPDATED 1 DEVICE SUCCESSFUL
2020-09-27 INFO: UPDATED 1 DEVICE SUCCESSFUL
2020-09-27 INFO: UPDATED 1 DEVICE SUCCESSFUL
2020-09-27 INFO: UPDATED 1 DEVICE SUCCESSFUL
2020-09-27 INFO: UPDATED 1 DEVICE SUCCESSFUL
2020-09-27 INFO: UPDATED 1 DEVICE SUCCESSFUL
2020-09-27 INFO: UPDATED 1 DEVICE SUCCESSFUL
2020-09-27 INFO: UPDATED 1 DEVICE SUCCESSFUL
2020-09-27 INFO: UPDATED 1 DEVICE SUCCESSFUL
2020-09-27 INFO: UPDATED 1 DEVICE SUCCESSFUL
2020-09-27 INFO: UPDATED 1 DEVICE SUCCESSFUL
2020-09-27 INFO: UPDATED 1 DEVICE SUCCESSFUL
2020-09-27 INFO: UPDATED 1 DEVICE SUCCESSFUL
2020-09-27 INFO: UPDATED 1 DEVICE SUCCESSFUL
2020-09-27 INFO: UPDATED 1 DEVICE SUCCESSFUL
2020-09-27 INFO: UPDATED 1 DEVICE SUCCESSFUL
2020-09-27 INFO: UPDATED 1 DEVICE SUCCESSFUL
2020-09-27 INFO: UPDATED 1 DEVICE SUCCESSFUL
2020-09-27 INFO: UPDATED 1 DEVICE SUCCESSFUL
2020-09-27 INFO: UPDATED 1 DEVICE SUCCESSFUL
2020-09-27 INFO: UPDATED 1 DEVICE SUCCESSFUL
2020-09-27 INFO: Server: Establish DB-Connection
2020-09-27 INFO: UPDATED 1 DEVICE SUCCESSFUL
2020-09-27 INFO: UPDATED 1 DEVICE SUCCESSFUL
2020-09-27 INFO: UPDATED 1 DEVICE SUCCESSFUL
2020-09-27 INFO: UPDATED 1 DEVICE SUCCESSFUL
2020-09-27 INFO: UPDATED 1 DEVICE SUCCESSFUL
2020-09-27 INFO: UPDATED 1 DEVICE SUCCESSFUL
2020-09-27 INFO: UPDATED 1 DEVICE SUCCESSFUL
2020-09-27 INFO: UPDATED 1 DEVICE SUCCESSFUL
2020-09-27 INFO: UPDATED 1 DEVICE SUCCESSFUL
2020-09-27 INFO: UPDATED 1 DEVICE SUCCESSFUL
2020-09-27 INFO: UPDATED 1 DEVICE SUCCESSFUL
2020-09-27 INFO: UPDATED 1 DEVICE SUCCESSFUL
2020-09-27 INFO: UPDATED 1 DEVICE SUCCESSFUL
2020-09-27 INFO: UPDATED 1 DEVICE SUCCESSFUL
2020-09-27 INFO: UPDATED 1 DEVICE SUCCESSFUL
2020-09-27 INFO: UPDATED 1 DEVICE SUCCESSFUL
2020-09-27 INFO: UPDATED 1 DEVICE SUCCESSFUL
2020-09-27 INFO: UPDATED 1 DEVICE SUCCESSFUL
2020-09-27 INFO: UPDATED 1 DEVICE SUCCESSFUL
2020-09-27 INFO: UPDATED 1 DEVICE SUCCESSFUL
2020-09-27 INFO: UPDATED 1 DEVICE SUCCESSFUL
2020-09-27 INFO: UPDATED 1 DEVICE SUCCESSFUL
2020-09-27 INFO: UPDATED 1 DEVICE SUCCESSFUL
2020-09-27 INFO: UPDATED 1 DEVICE SUCCESSFUL
2020-09-27 INFO: UPDATED 1 DEVICE SUCCESSFUL
2020-09-27 INFO: UPDATED 1 DEVICE SUCCESSFUL
2020-09-27 INFO: UPDATED 1 DEVICE SUCCESSFUL
2020-09-27 INFO: Server: Establish DB-Connection
2020-09-27 INFO: UPDATED 1 DEVICE SUCCESSFUL
2020-09-27 INFO: UPDATED 1 DEVICE SUCCESSFUL
2020-09-27 INFO: UPDATED 1 DEVICE SUCCESSFUL
2020-09-27 INFO: UPDATED 1 DEVICE SUCCESSFUL
2020-09-27 INFO: UPDATED 1 DEVICE SUCCESSFUL
2020-09-27 INFO: UPDATED 1 DEVICE SUCCESSFUL
2020-09-27 INFO: UPDATED 1 DEVICE SUCCESSFUL
2020-09-27 INFO: UPDATED 1 DEVICE SUCCESSFUL
2020-09-27 INFO: UPDATED 1 DEVICE SUCCESSFUL
2020-09-27 INFO: UPDATED 1 DEVICE SUCCESSFUL
2020-09-27 INFO: UPDATED 1 DEVICE SUCCESSFUL
2020-09-27 INFO: UPDATED 1 DEVICE SUCCESSFUL
2020-09-27 INFO: UPDATED 1 DEVICE SUCCESSFUL
2020-09-27 INFO: UPDATED 1 DEVICE SUCCESSFUL
2020-09-27 INFO: UPDATED 1 DEVICE SUCCESSFUL
2020-09-27 INFO: UPDATED 1 DEVICE SUCCESSFUL
2020-09-27 INFO: UPDATED 1 DEVICE SUCCESSFUL
2020-09-27 INFO: UPDATED 1 DEVICE SUCCESSFUL
2020-09-27 INFO: UPDATED 1 DEVICE SUCCESSFUL
2020-09-27 INFO: UPDATED 1 DEVICE SUCCESSFUL
2020-09-27 INFO: UPDATED 1 DEVICE SUCCESSFUL
2020-09-27 INFO: UPDATED 1 DEVICE SUCCESSFUL
2020-09-27 INFO: UPDATED 1 DEVICE SUCCESSFUL
2020-09-27 INFO: UPDATED 1 DEVICE SUCCESSFUL
2020-09-27 INFO: UPDATED 1 DEVICE SUCCESSFUL
2020-09-27 INFO: UPDATED 1 DEVICE SUCCESSFUL
2020-09-27 INFO: UPDATED 1 DEVICE SUCCESSFUL
2020-09-27 INFO: UPDATED 1 DEVICE SUCCESSFUL
2020-09-27 INFO: UPDATED 1 DEVICE SUCCESSFUL
2020-09-27 INFO: UPDATED 1 DEVICE SUCCESSFUL
2020-09-27 INFO: UPDATED 1 DEVICE SUCCESSFUL
2020-09-27 INFO: UPDATED 1 DEVICE SUCCESSFUL
2020-09-27 INFO: UPDATED 1 DEVICE SUCCESSFUL
2020-09-27 INFO: UPDATED 1 DEVICE SUCCESSFUL
2020-09-27 INFO: UPDATED 1 DEVICE SUCCESSFUL
2020-09-27 INFO: UPDATED 1 DEVICE SUCCESSFUL
2020-09-27 INFO: UPDATED 1 DEVICE SUCCESSFUL
2020-09-27 INFO: UPDATED 1 DEVICE SUCCESSFUL
2020-09-27 INFO: UPDATED 1 DEVICE SUCCESSFUL
2020-09-27 INFO: UPDATED 1 DEVICE SUCCESSFUL
2020-09-27 INFO: UPDATED 1 DEVICE SUCCESSFUL
2020-09-27 INFO: UPDATED 1 DEVICE SUCCESSFUL
2020-09-27 INFO: UPDATED 1 DEVICE SUCCESSFUL
2020-09-27 INFO: UPDATED 1 DEVICE SUCCESSFUL
2020-09-27 INFO: UPDATED 1 DEVICE SUCCESSFUL
2020-09-27 INFO: UPDATED 1 DEVICE SUCCESSFUL
2020-09-27 INFO: UPDATED 1 DEVICE SUCCESSFUL
2020-09-27 INFO: UPDATED 1 DEVICE SUCCESSFUL
2020-09-27 INFO: UPDATED 1 DEVICE SUCCESSFUL
2020-09-27 INFO: UPDATED 1 DEVICE SUCCESSFUL
2020-09-27 INFO: UPDATED 1 DEVICE SUCCESSFUL
2020-09-27 INFO: UPDATED 1 DEVICE SUCCESSFUL
2020-09-27 INFO: UPDATED 1 DEVICE SUCCESSFUL
2020-09-27 INFO: UPDATED 1 DEVICE SUCCESSFUL
2020-09-27 INFO: UPDATED 1 DEVICE SUCCESSFUL
2020-09-27 INFO: UPDATED 1 DEVICE SUCCESSFUL
2020-09-27 INFO: UPDATED 1 DEVICE SUCCESSFUL
2020-09-27 INFO: UPDATED 1 DEVICE SUCCESSFUL
2020-09-27 INFO: UPDATED 1 DEVICE SUCCESSFUL
2020-09-27 INFO: UPDATED 1 DEVICE SUCCESSFUL
2020-09-27 INFO: UPDATED 1 DEVICE SUCCESSFUL
2020-09-27 INFO: UPDATED 1 DEVICE SUCCESSFUL
2020-09-27 INFO: UPDATED 1 DEVICE SUCCESSFUL
2020-09-27 INFO: UPDATED 1 DEVICE SUCCESSFUL
2020-09-27 INFO: UPDATED 1 DEVICE SUCCESSFUL
2020-09-27 INFO: UPDATED 1 DEVICE SUCCESSFUL
2020-09-27 INFO: UPDATED 1 DEVICE SUCCESSFUL
2020-09-27 INFO: UPDATED 1 DEVICE SUCCESSFUL
2020-09-27 INFO: UPDATED 1 DEVICE SUCCESSFUL
2020-09-27 INFO: UPDATED 1 DEVICE SUCCESSFUL
2020-09-27 INFO: UPDATED 1 DEVICE SUCCESSFUL
2020-09-27 INFO: UPDATED 1 DEVICE SUCCESSFUL
2020-09-27 INFO: UPDATED 1 DEVICE SUCCESSFUL
2020-09-27 INFO: UPDATED 1 DEVICE SUCCESSFUL
2020-09-27 INFO: UPDATED 1 DEVICE SUCCESSFUL
2020-09-27 INFO: UPDATED 1 DEVICE SUCCESSFUL
2020-09-27 INFO: UPDATED 1 DEVICE SUCCESSFUL
2020-09-27 INFO: UPDATED 1 DEVICE SUCCESSFUL
2020-09-27 INFO: UPDATED 1 DEVICE SUCCESSFUL
2020-09-27 INFO: UPDATED 1 DEVICE SUCCESSFUL
2020-09-27 INFO: UPDATED 1 DEVICE SUCCESSFUL
2020-09-27 INFO: UPDATED 1 DEVICE SUCCESSFUL
2020-09-27 INFO: UPDATED 1 DEVICE SUCCESSFUL
2020-09-27 INFO: UPDATED 1 DEVICE SUCCESSFUL
2020-09-27 INFO: UPDATED 1 DEVICE SUCCESSFUL
2020-09-27 INFO: UPDATED 1 DEVICE SUCCESSFUL
2020-09-27 INFO: UPDATED 1 DEVICE SUCCESSFUL
2020-09-27 INFO: UPDATED 1 DEVICE SUCCESSFUL
2020-09-27 INFO: UPDATED 1 DEVICE SUCCESSFUL
2020-09-27 INFO: UPDATED 1 DEVICE SUCCESSFUL
2020-09-27 INFO: UPDATED 1 DEVICE SUCCESSFUL
2020-09-27 INFO: UPDATED 1 DEVICE SUCCESSFUL
2020-09-27 INFO: UPDATED 1 DEVICE SUCCESSFUL
2020-09-27 INFO: UPDATED 1 DEVICE SUCCESSFUL
2020-09-27 INFO: UPDATED 1 DEVICE SUCCESSFUL
2020-09-27 INFO: UPDATED 1 DEVICE SUCCESSFUL
2020-09-27 INFO: UPDATED 1 DEVICE SUCCESSFUL
2020-09-27 INFO: UPDATED 1 DEVICE SUCCESSFUL
2020-09-27 INFO: UPDATED 1 DEVICE SUCCESSFUL
2020-09-27 INFO: UPDATED 1 DEVICE SUCCESSFUL
2020-09-27 INFO: UPDATED 1 DEVICE SUCCESSFUL
2020-09-27 INFO: UPDATED 1 DEVICE SUCCESSFUL
2020-09-27 INFO: UPDATED 1 DEVICE SUCCESSFUL
2020-09-27 INFO: UPDATED 1 DEVICE SUCCESSFUL
2020-09-27 INFO: UPDATED 1 DEVICE SUCCESSFUL
2020-09-27 INFO: UPDATED 1 DEVICE SUCCESSFUL
2020-09-27 INFO: UPDATED 1 DEVICE SUCCESSFUL
2020-09-27 INFO: UPDATED 1 DEVICE SUCCESSFUL
2020-09-27 INFO: UPDATED 1 DEVICE SUCCESSFUL
2020-09-27 INFO: UPDATED 1 DEVICE SUCCESSFUL
2020-09-27 INFO: UPDATED 1 DEVICE SUCCESSFUL
2020-09-27 INFO: UPDATED 1 DEVICE SUCCESSFUL
2020-09-27 INFO: UPDATED 1 DEVICE SUCCESSFUL
2020-09-27 INFO: UPDATED 1 DEVICE SUCCESSFUL
2020-09-27 INFO: UPDATED 1 DEVICE SUCCESSFUL
2020-09-27 INFO: UPDATED 1 DEVICE SUCCESSFUL
2020-09-27 INFO: UPDATED 1 DEVICE SUCCESSFUL
2020-09-27 INFO: UPDATED 1 DEVICE SUCCESSFUL
2020-09-27 INFO: UPDATED 1 DEVICE SUCCESSFUL
2020-09-27 INFO: UPDATED 1 DEVICE SUCCESSFUL
2020-09-27 INFO: UPDATED 1 DEVICE SUCCESSFUL
2020-09-27 INFO: UPDATED 1 DEVICE SUCCESSFUL
2020-09-27 INFO: UPDATED 1 DEVICE SUCCESSFUL
2020-09-27 INFO: UPDATED 1 DEVICE SUCCESSFUL
2020-09-27 INFO: UPDATED 1 DEVICE SUCCESSFUL
2020-09-27 INFO: UPDATED 1 DEVICE SUCCESSFUL
2020-09-27 INFO: Server: Establish DB-Connection
2020-09-27 INFO: UPDATED 1 DEVICE SUCCESSFUL
2020-09-27 INFO: UPDATED 1 DEVICE SUCCESSFUL
2020-09-27 INFO: UPDATED 1 DEVICE SUCCESSFUL
2020-09-27 INFO: UPDATED 1 DEVICE SUCCESSFUL
2020-09-27 INFO: UPDATED 1 DEVICE SUCCESSFUL
2020-09-27 INFO: UPDATED 1 DEVICE SUCCESSFUL
2020-09-27 INFO: UPDATED 1 DEVICE SUCCESSFUL
2020-09-27 INFO: UPDATED 1 DEVICE SUCCESSFUL
2020-09-27 INFO: UPDATED 1 DEVICE SUCCESSFUL
2020-09-27 INFO: UPDATED 1 DEVICE SUCCESSFUL
2020-09-27 INFO: Server: Establish DB-Connection
2020-09-27 INFO: Server: Establish DB-Connection
2020-09-27 INFO: Server: Establish DB-Connection
2020-09-27 INFO: Server: Establish DB-Connection
2020-09-27 INFO: Server: Establish DB-Connection
2020-09-27 INFO: Server: Establish DB-Connection
2020-09-27 INFO: Server: Establish DB-Connection
2020-09-27 INFO: Server: Establish DB-Connection
2020-09-27 INFO: Server: Establish DB-Connection
2020-09-27 INFO: Server: Establish DB-Connection
2020-09-27 INFO: Server: Establish DB-Connection
2020-09-27 INFO: UPDATED 1 DEVICE SUCCESSFUL
2020-09-27 INFO: UPDATED 1 DEVICE SUCCESSFUL
2020-09-27 INFO: UPDATED 1 DEVICE SUCCESSFUL
2020-09-27 INFO: UPDATED 1 DEVICE SUCCESSFUL
2020-09-27 INFO: UPDATED 1 DEVICE SUCCESSFUL
2020-09-27 INFO: UPDATED 1 DEVICE SUCCESSFUL
2020-09-27 INFO: UPDATED 1 DEVICE SUCCESSFUL
2020-09-27 INFO: UPDATED 1 DEVICE SUCCESSFUL
2020-09-27 INFO: UPDATED 1 DEVICE SUCCESSFUL
2020-09-27 INFO: UPDATED 1 DEVICE SUCCESSFUL
2020-09-27 INFO: UPDATED 1 DEVICE SUCCESSFUL
2020-09-27 INFO: UPDATED 1 DEVICE SUCCESSFUL
2020-09-27 INFO: UPDATED 1 DEVICE SUCCESSFUL
2020-09-27 INFO: Server: Establish DB-Connection
2020-09-27 INFO: UPDATED 1 DEVICE SUCCESSFUL
2020-09-27 INFO: UPDATED 1 DEVICE SUCCESSFUL
2020-09-27 INFO: UPDATED 1 DEVICE SUCCESSFUL
2020-09-27 INFO: UPDATED 1 DEVICE SUCCESSFUL
2020-09-27 INFO: UPDATED 1 DEVICE SUCCESSFUL
2020-09-27 INFO: UPDATED 1 DEVICE SUCCESSFUL
2020-09-27 INFO: UPDATED 1 DEVICE SUCCESSFUL
2020-09-27 INFO: UPDATED 1 DEVICE SUCCESSFUL
2020-09-27 INFO: UPDATED 1 DEVICE SUCCESSFUL
2020-09-27 INFO: UPDATED 1 DEVICE SUCCESSFUL
2020-09-27 INFO: UPDATED 1 DEVICE SUCCESSFUL
2020-09-27 INFO: UPDATED 1 DEVICE SUCCESSFUL
2020-09-27 INFO: UPDATED 1 DEVICE SUCCESSFUL
2020-09-27 INFO: UPDATED 1 DEVICE SUCCESSFUL
2020-09-27 INFO: UPDATED 1 DEVICE SUCCESSFUL
2020-09-27 INFO: Test
2020-09-27 INFO: Test
2020-09-27 INFO: HI
2020-09-27 INFO: Server: Establish DB-Connection
2020-09-27 INFO: UPDATED 1 DEVICE SUCCESSFUL
2020-09-27 INFO: UPDATED 1 DEVICE SUCCESSFUL
2020-09-27 INFO: UPDATED 1 DEVICE SUCCESSFUL
2020-09-27 INFO: UPDATED 1 DEVICE SUCCESSFUL
2020-09-27 INFO: UPDATED 1 DEVICE SUCCESSFUL
2020-09-27 INFO: UPDATED 1 DEVICE SUCCESSFUL
2020-09-27 INFO: UPDATED 1 DEVICE SUCCESSFUL
2020-09-27 INFO: UPDATED 1 DEVICE SUCCESSFUL
2020-09-27 INFO: UPDATED 1 DEVICE SUCCESSFUL
2020-09-27 INFO: UPDATED 1 DEVICE SUCCESSFUL
2020-09-27 INFO: UPDATED 1 DEVICE SUCCESSFUL
2020-09-27 INFO: UPDATED 1 DEVICE SUCCESSFUL
2020-09-27 INFO: UPDATED 1 DEVICE SUCCESSFUL
2020-09-27 INFO: UPDATED 1 DEVICE SUCCESSFUL
2020-09-27 INFO: UPDATED 1 DEVICE SUCCESSFUL
2020-09-27 INFO: UPDATED 1 DEVICE SUCCESSFUL
2020-10-01 INFO: Server: Establish DB-Connection
