2020-08-13 15:32:17,097 INFO   13.08.2020 15:32:17 - received [00000000000000588E0200000173E8056719000000000000000000000000000000000181000100000000000000000001018100011100000173E8056B00000000000000000000000000000000000000000100000000000000000001014B00000200001A6C]
2020-08-13 15:32:17,098 INFO   13.08.2020 15:32:17 - responded [00000002]
2020-08-13 15:32:26,858 INFO   13.08.2020 15:32:26 - received [000000000000002D8E0100000173E8059210000000000000000000000000000000000000000100000000000000000001014B00000100004257]
2020-08-13 15:32:26,859 INFO   13.08.2020 15:32:26 - responded [00000001]
2020-08-13 15:32:37,940 INFO   13.08.2020 15:32:37 - received [000000000000002D8E0100000173E805B920000000000000000000000000000000000000000100000000000000000001014B00000100005520]
2020-08-13 15:32:37,940 INFO   13.08.2020 15:32:37 - responded [00000001]
2020-08-13 15:32:46,698 INFO   13.08.2020 15:32:46 - received [000000000000002E8E0100000173E805DC4900000000000000000000000000000000018100010000000000000000000101810001110100001696]
2020-08-13 15:32:46,699 INFO   13.08.2020 15:32:46 - responded [00000001]
2020-08-13 15:32:47,662 INFO   13.08.2020 15:32:47 - received [000000000000002D8E0100000173E805E030000000000000000000000000000000000000000100000000000000000001014B00000100005F7D]
2020-08-13 15:32:47,662 INFO   13.08.2020 15:32:47 - responded [00000001]
2020-08-13 15:32:57,745 INFO   13.08.2020 15:32:57 - received [000000000000002D8E0100000173E8060740000000000000000000000000000000000000000100000000000000000001014B00000100006BB8]
2020-08-13 15:32:57,745 INFO   13.08.2020 15:32:57 - responded [00000001]
2020-08-13 15:33:07,779 INFO   13.08.2020 15:33:07 - received [000000000000002D8E0100000173E8062E50000000000000000000000000000000000000000100000000000000000001014B0000010000A4F0]
2020-08-13 15:33:07,779 INFO   13.08.2020 15:33:07 - responded [00000001]
2020-08-13 15:33:16,762 INFO   13.08.2020 15:33:16 - received [00000000000000448E0100000173E8065179000000000000000000000000000000000181000100000000000000000001018100171121DA95203921ED84C1ED97EA92306C5A7F00016643B6010000AF9C]
2020-08-13 15:33:16,762 INFO   13.08.2020 15:33:16 - responded [00000001]
2020-08-13 15:33:17,543 INFO   13.08.2020 15:33:17 - received [000000000000002D8E0100000173E8065560000000000000000000000000000000000000000100000000000000000001014B0000010000B52B]
2020-08-13 15:33:17,544 INFO   13.08.2020 15:33:17 - responded [00000001]
2020-08-13 15:33:22,726 INFO   13.08.2020 15:33:22 Received connection request from 127.0.0.1:38614
2020-08-13 15:33:22,726 INFO   13.08.2020 15:33:22 - received [17002F11332E3133372E36332E31333100464D4C003F4001]
2020-08-13 15:33:22,726 INFO   13.08.2020 15:33:22 - responded [01]
2020-08-13 15:33:22,727 INFO   13.08.2020 15:33:22 - received [0100]
2020-08-13 15:33:27,685 INFO   13.08.2020 15:33:27 - received [000000000000002D8E0100000173E8067C70000000000000000000000000000000000000000100000000000000000001014B00000100007A63]
2020-08-13 15:33:27,685 INFO   13.08.2020 15:33:27 - responded [00000001]
2020-08-13 15:33:37,642 INFO   13.08.2020 15:33:37 - received [000000000000002D8E0100000173E806A380000000000000000000000000000000000000000100000000000000000001014B0000010000F68B]
2020-08-13 15:33:37,643 INFO   13.08.2020 15:33:37 - responded [00000001]
2020-08-13 15:33:46,827 INFO   13.08.2020 15:33:46 - received [00000000000000448E0100000173E806C6A9000000000000000000000000000000000181000100000000000000000001018100171121DA95203921ED84C1ED97EA92306C5A7F00016643B90100000223]
2020-08-13 15:33:46,828 INFO   13.08.2020 15:33:46 - responded [00000001]
2020-08-13 15:33:47,580 INFO   13.08.2020 15:33:47 - received [000000000000002D8E0100000173E806CA90000000000000000000000000000000000000000100000000000000000001014B0000010000FEB2]
2020-08-13 15:33:47,581 INFO   13.08.2020 15:33:47 - responded [00000001]
2020-08-13 15:33:57,579 INFO   13.08.2020 15:33:57 - received [000000000000002D8E0100000173E806F1A0000000000000000000000000000000000000000100000000000000000001014B00000100002818]
2020-08-13 15:33:57,580 INFO   13.08.2020 15:33:57 - responded [00000001]
2020-08-13 15:34:07,565 INFO   13.08.2020 15:34:07 - received [000000000000002D8E0100000173E80718B0000000000000000000000000000000000000000100000000000000000001014B00000100002751]
2020-08-13 15:34:07,565 INFO   13.08.2020 15:34:07 - responded [00000001]
2020-08-13 15:34:16,861 INFO   13.08.2020 15:34:16 - received [00000000000000448E0100000173E8073BD9000000000000000000000000000000000181000100000000000000000001018100171121DA95203921ED84C1ED97EA92306C5A7F00016643B30100006515]
2020-08-13 15:34:16,862 INFO   13.08.2020 15:34:16 - responded [00000001]
2020-08-13 15:34:17,622 INFO   13.08.2020 15:34:17 - received [000000000000002D8E0100000173E8073FC0000000000000000000000000000000000000000100000000000000000001014B000001000000B4]
2020-08-13 15:34:17,623 INFO   13.08.2020 15:34:17 - responded [00000001]
2020-08-13 15:34:27,502 INFO   13.08.2020 15:34:27 - received [000000000000002D8E0100000173E80766D0000000000000000000000000000000000000000100000000000000000001014B00000100000AE9]
2020-08-13 15:34:27,503 INFO   13.08.2020 15:34:27 - responded [00000001]
2020-08-13 15:34:37,438 INFO   13.08.2020 15:34:37 - received [000000000000002D8E0100000173E8078DE0000000000000000000000000000000000000000100000000000000000001014B0000010000140E]
2020-08-13 15:34:37,439 INFO   13.08.2020 15:34:37 - responded [00000001]
2020-08-13 15:34:46,884 INFO   13.08.2020 15:34:46 - received [00000000000000448E0100000173E807B4F1000000000000000000000000000000000181000100000000000000000001018100171121DA95203921ED84C1ED97EA92306C5A7F00016643BA0100000137]
2020-08-13 15:34:46,884 INFO   13.08.2020 15:34:46 - responded [00000001]
2020-08-13 15:34:47,618 INFO   13.08.2020 15:34:47 - received [000000000000002D8E0100000173E807B4F0000000000000000000000000000000000000000100000000000000000001014B00000100001A9B]
2020-08-13 15:34:47,618 INFO   13.08.2020 15:34:47 - responded [00000001]
2020-08-13 15:34:57,448 INFO   13.08.2020 15:34:57 - received [000000000000002D8E0100000173E807DC00000000000000000000000000000000000000000100000000000000000001014B00000100006AA7]
2020-08-13 15:34:57,448 INFO   13.08.2020 15:34:57 - responded [00000001]
2020-08-13 15:35:07,380 INFO   13.08.2020 15:35:07 - received [000000000000002D8E0100000173E8080310000000000000000000000000000000000000000100000000000000000001014B00000100007E26]
2020-08-13 15:35:07,380 INFO   13.08.2020 15:35:07 - responded [00000001]
2020-08-13 15:35:16,977 INFO   13.08.2020 15:35:16 - received [00000000000000448E0100000173E8082A21000000000000000000000000000000000181000100000000000000000001018100171121DA95203921ED84C1ED97EA92306C5A7F00016643B90100003593]
2020-08-13 15:35:16,978 INFO   13.08.2020 15:35:16 - responded [00000001]
2020-08-13 15:35:17,739 INFO   13.08.2020 15:35:17 - received [000000000000002D8E0100000173E8082A20000000000000000000000000000000000000000100000000000000000001014B0000010000096A]
2020-08-13 15:35:17,739 INFO   13.08.2020 15:35:17 - responded [00000001]
2020-08-13 15:35:27,329 INFO   13.08.2020 15:35:27 - received [000000000000002D8E0100000173E8085130000000000000000000000000000000000000000100000000000000000001014B0000010000A0B5]
2020-08-13 15:35:27,329 INFO   13.08.2020 15:35:27 - responded [00000001]
2020-08-13 15:35:38,001 INFO   13.08.2020 15:35:38 - received [000000000000002D8E0100000173E8087840000000000000000000000000000000000000000100000000000000000001014B0000010000E7F2]
2020-08-13 15:35:38,002 INFO   13.08.2020 15:35:38 - responded [00000001]
2020-08-13 15:35:47,147 INFO   13.08.2020 15:35:47 - received [00000000000000588E0200000173E8089F51000000000000000000000000000000000181000100000000000000000001018100011100000173E8089F50000000000000000000000000000000000000000100000000000000000001014B00000200002F36]
2020-08-13 15:35:47,148 INFO   13.08.2020 15:35:47 - responded [00000002]
2020-08-13 15:35:57,237 INFO   13.08.2020 15:35:57 - received [000000000000002D8E0100000173E808C660000000000000000000000000000000000000000100000000000000000001014B0000010000F3D1]
2020-08-13 15:35:57,238 INFO   13.08.2020 15:35:57 - responded [00000001]
2020-08-13 15:36:07,181 INFO   13.08.2020 15:36:07 - received [000000000000002D8E0100000173E808ED70000000000000000000000000000000000000000100000000000000000001014B00000100005CA2]
2020-08-13 15:36:07,181 INFO   13.08.2020 15:36:07 - responded [00000001]
2020-08-13 15:36:17,122 INFO   13.08.2020 15:36:17 - received [00000000000000588E0200000173E8091481000000000000000000000000000000000181000100000000000000000001018100011100000173E8091480000000000000000000000000000000000000000100000000000000000001014B0000020000E862]
2020-08-13 15:36:17,123 INFO   13.08.2020 15:36:17 - responded [00000002]
2020-08-13 15:36:27,139 INFO   13.08.2020 15:36:27 - received [000000000000002D8E0100000173E8093B90000000000000000000000000000000000000000100000000000000000001014B0000010000152A]
2020-08-13 15:36:27,140 INFO   13.08.2020 15:36:27 - responded [00000001]
2020-08-13 15:36:37,084 INFO   13.08.2020 15:36:37 - received [000000000000002D8E0100000173E80962A0000000000000000000000000000000000000000100000000000000000001014B0000010000A773]
2020-08-13 15:36:37,085 INFO   13.08.2020 15:36:37 - responded [00000001]
2020-08-13 15:36:47,181 INFO   13.08.2020 15:36:47 - received [000000000000006E8E0200000173E80989B0000000000000000000000000000000000000000100000000000000000001014B000000000173E80989B1000000000000000000000000000000000181000100000000000000000001018100171121DA95203921ED84C1ED97EA92306C5A7F00016643B902000052F8]
2020-08-13 15:36:47,182 INFO   13.08.2020 15:36:47 - responded [00000002]
2020-08-13 15:36:57,039 INFO   13.08.2020 15:36:57 - received [000000000000002D8E0100000173E809B0C0000000000000000000000000000000000000000100000000000000000001014B0000010000870A]
2020-08-13 15:36:57,039 INFO   13.08.2020 15:36:57 - responded [00000001]
2020-08-13 15:37:07,240 INFO   13.08.2020 15:37:07 - received [000000000000002D8E0100000173E809D7D0000000000000000000000000000000000000000100000000000000000001014B0000010000EF91]
2020-08-13 15:37:07,241 INFO   13.08.2020 15:37:07 - responded [00000001]
2020-08-13 15:37:17,157 INFO   13.08.2020 15:37:17 - received [000000000000006E8E0200000173E809FEE0000000000000000000000000000000000000000100000000000000000001014B000000000173E809FEE1000000000000000000000000000000000181000100000000000000000001018100171121DA95203921ED84C1ED97EA92306C5A7F00016643B90200006036]
2020-08-13 15:37:17,158 INFO   13.08.2020 15:37:17 - responded [00000002]
2020-08-13 15:37:27,018 INFO   13.08.2020 15:37:27 - received [000000000000002D8E0100000173E80A25F0000000000000000000000000000000000000000100000000000000000001014B000001000026EA]
2020-08-13 15:37:27,019 INFO   13.08.2020 15:37:27 - responded [00000001]
2020-08-13 15:37:36,995 INFO   13.08.2020 15:37:36 - received [000000000000002D8E0100000173E80A4D00000000000000000000000000000000000000000100000000000000000001014B000001000056D6]
2020-08-13 15:37:36,996 INFO   13.08.2020 15:37:36 - responded [00000001]
2020-08-13 15:37:46,923 INFO   13.08.2020 15:37:46 - received [000000000000002D8E0100000173E80A7410000000000000000000000000000000000000000100000000000000000001014B00000100005843]
2020-08-13 15:37:46,923 INFO   13.08.2020 15:37:46 - responded [00000001]
2020-08-13 15:37:47,542 INFO   13.08.2020 15:37:47 - received [00000000000000448E0100000173E80A7411000000000000000000000000000000000181000100000000000000000001018100171121DA95203921ED84C1ED97EA92306C5A7F00016643B60100001323]
2020-08-13 15:37:47,542 INFO   13.08.2020 15:37:47 - responded [00000001]
2020-08-13 15:37:56,945 INFO   13.08.2020 15:37:56 - received [000000000000002D8E0100000173E80A9B20000000000000000000000000000000000000000100000000000000000001014B000001000086D2]
2020-08-13 15:37:56,946 INFO   13.08.2020 15:37:56 - responded [00000001]
2020-08-13 15:38:08,158 INFO   13.08.2020 15:38:08 - received [000000000000002D8E0100000173E80AC230000000000000000000000000000000000000000100000000000000000001014B00000100008C8F]
2020-08-13 15:38:08,158 INFO   13.08.2020 15:38:08 - responded [00000001]
2020-08-13 15:38:17,304 INFO   13.08.2020 15:38:17 - received [00000000000000448E0100000173E80AE941000000000000000000000000000000000181000100000000000000000001018100171121DA95203921ED84C1ED97EA92306C5A7F00016643B40100005E91]
2020-08-13 15:38:17,304 INFO   13.08.2020 15:38:17 - responded [00000001]
2020-08-13 15:38:18,104 INFO   13.08.2020 15:38:18 - received [000000000000002D8E0100000173E80AE940000000000000000000000000000000000000000100000000000000000001014B0000010000ABF3]
2020-08-13 15:38:18,104 INFO   13.08.2020 15:38:18 - responded [00000001]
2020-08-13 15:38:27,715 INFO   13.08.2020 15:38:27 - received [000000000000002D8E0100000173E80B1050000000000000000000000000000000000000000100000000000000000001014B00000100006567]
2020-08-13 15:38:27,715 INFO   13.08.2020 15:38:27 - responded [00000001]
2020-08-13 15:38:37,805 INFO   13.08.2020 15:38:37 - received [000000000000002D8E0100000173E80B3760000000000000000000000000000000000000000100000000000000000001014B00000100007289]
2020-08-13 15:38:37,815 INFO   13.08.2020 15:38:37 - responded [00000001]
2020-08-13 15:38:38,536 INFO   13.08.2020 15:38:38 Received connection request from 127.0.0.1:38622
2020-08-13 15:38:47,379 INFO   13.08.2020 15:38:47 - received [00000000000000448E0100000173E80B5E71000000000000000000000000000000000181000100000000000000000001018100171121DA95203921ED84C1ED97EA92306C5A7F00016643B901000085F8]
2020-08-13 15:38:47,379 INFO   13.08.2020 15:38:47 - responded [00000001]
2020-08-13 15:38:48,164 INFO   13.08.2020 15:38:48 - received [000000000000002D8E0100000173E80B5E70000000000000000000000000000000000000000100000000000000000001014B00000100007AB0]
2020-08-13 15:38:48,164 INFO   13.08.2020 15:38:48 - responded [00000001]
2020-08-13 15:38:58,021 INFO   13.08.2020 15:38:58 - received [000000000000002D8E0100000173E80B8580000000000000000000000000000000000000000100000000000000000001014B0000010000362E]
2020-08-13 15:38:58,021 INFO   13.08.2020 15:38:58 - responded [00000001]
2020-08-13 15:39:07,580 INFO   13.08.2020 15:39:07 - received [000000000000002D8E0100000173E80BAC90000000000000000000000000000000000000000100000000000000000001014B0000010000F966]
2020-08-13 15:39:07,580 INFO   13.08.2020 15:39:07 - responded [00000001]
2020-08-13 15:39:17,443 INFO   13.08.2020 15:39:17 - received [00000000000000448E0100000173E80BD3A1000000000000000000000000000000000181000100000000000000000001018100171121DA95203921ED84C1ED97EA92306C5A7F00016643B9010000005E]
2020-08-13 15:39:17,443 INFO   13.08.2020 15:39:17 - responded [00000001]
2020-08-13 15:39:18,182 INFO   13.08.2020 15:39:18 - received [000000000000002D8E0100000173E80BD3A0000000000000000000000000000000000000000100000000000000000001014B000001000028CB]
2020-08-13 15:39:18,182 INFO   13.08.2020 15:39:18 - responded [00000001]
2020-08-13 15:39:27,560 INFO   13.08.2020 15:39:27 - received [000000000000002D8E0100000173E80BFAB0000000000000000000000000000000000000000100000000000000000001014B0000010000E783]
2020-08-13 15:39:27,561 INFO   13.08.2020 15:39:27 - responded [00000001]
2020-08-13 15:39:37,543 INFO   13.08.2020 15:39:37 - received [000000000000002D8E0100000173E80C21C0000000000000000000000000000000000000000100000000000000000001014B000001000037FA]
2020-08-13 15:39:37,543 INFO   13.08.2020 15:39:37 - responded [00000001]
2020-08-13 15:39:47,551 INFO   13.08.2020 15:39:47 - received [000000000000006E8E0200000173E80C48D1000000000000000000000000000000000181000100000000000000000001018100171121DA95203921ED84C1ED97EA92306C5A7F00016643B900000173E80C48D0000000000000000000000000000000000000000100000000000000000001014B00000200000EE3]
2020-08-13 15:39:47,552 INFO   13.08.2020 15:39:47 - responded [00000002]
2020-08-13 15:39:57,478 INFO   13.08.2020 15:39:57 - received [000000000000002D8E0100000173E80C6FE0000000000000000000000000000000000000000100000000000000000001014B0000010000282D]
2020-08-13 15:39:57,478 INFO   13.08.2020 15:39:57 - responded [00000001]
2020-08-13 15:40:07,484 INFO   13.08.2020 15:40:07 - received [000000000000002D8E0100000173E80C96F0000000000000000000000000000000000000000100000000000000000001014B00000100002F28]
2020-08-13 15:40:07,484 INFO   13.08.2020 15:40:07 - responded [00000001]
2020-08-13 15:40:17,507 INFO   13.08.2020 15:40:17 - received [000000000000006E8E0200000173E80CBE00000000000000000000000000000000000000000100000000000000000001014B000000000173E80CBE01000000000000000000000000000000000181000100000000000000000001018100171121DA95203921ED84C1ED97EA92306C5A7F00016643B9020000A99C]
2020-08-13 15:40:17,507 INFO   13.08.2020 15:40:17 - responded [00000002]
2020-08-13 15:40:27,479 INFO   13.08.2020 15:40:27 - received [000000000000002D8E0100000173E80CE510000000000000000000000000000000000000000100000000000000000001014B0000010000F203]
2020-08-13 15:40:27,479 INFO   13.08.2020 15:40:27 - responded [00000001]
2020-08-13 15:40:37,442 INFO   13.08.2020 15:40:37 - received [000000000000002D8E0100000173E80D0C20000000000000000000000000000000000000000100000000000000000001014B0000010000454E]
2020-08-13 15:40:37,442 INFO   13.08.2020 15:40:37 - responded [00000001]
2020-08-13 15:40:47,824 INFO   13.08.2020 15:40:47 - received [000000000000006E8E0200000173E80D3330000000000000000000000000000000000000000100000000000000000001014B000000000173E80D3331000000000000000000000000000000000181000100000000000000000001018100171121DA95203921ED84C1ED97EA92306C5A7F00016643AE0200005E80]
2020-08-13 15:40:47,824 INFO   13.08.2020 15:40:47 - responded [00000002]
2020-08-13 15:40:57,361 INFO   13.08.2020 15:40:57 - received [000000000000002D8E0100000173E80D5A40000000000000000000000000000000000000000100000000000000000001014B00000100006BA0]
2020-08-13 15:40:57,361 INFO   13.08.2020 15:40:57 - responded [00000001]
2020-08-13 15:41:07,262 INFO   13.08.2020 15:41:07 - received [000000000000002D8E0100000173E80D8150000000000000000000000000000000000000000100000000000000000001014B0000010000CF27]
2020-08-13 15:41:07,262 INFO   13.08.2020 15:41:07 - responded [00000001]
2020-08-13 15:41:17,324 INFO   13.08.2020 15:41:17 - received [000000000000002D8E0100000173E80DA860000000000000000000000000000000000000000100000000000000000001014B0000010000B86B]
2020-08-13 15:41:17,324 INFO   13.08.2020 15:41:17 - responded [00000001]
2020-08-13 15:41:17,921 INFO   13.08.2020 15:41:17 - received [00000000000000448E0100000173E80DA861000000000000000000000000000000000181000100000000000000000001018100171121DA95203921ED84C1ED97EA92306C5A7F00016643B6010000EA30]
2020-08-13 15:41:17,921 INFO   13.08.2020 15:41:17 - responded [00000001]
2020-08-13 15:41:27,921 INFO   13.08.2020 15:41:27 - received [000000000000002D8E0100000173E80DCF70000000000000000000000000000000000000000100000000000000000001014B0000010000D0F0]
2020-08-13 15:41:27,921 INFO   13.08.2020 15:41:27 - responded [00000001]
2020-08-13 15:41:37,163 INFO   13.08.2020 15:41:37 - received [000000000000002D8E0100000173E80DF680000000000000000000000000000000000000000100000000000000000001014B0000010000367C]
2020-08-13 15:41:37,164 INFO   13.08.2020 15:41:37 - responded [00000001]
2020-08-13 15:41:47,162 INFO   13.08.2020 15:41:47 - received [000000000000002D8E0100000173E80E1D90000000000000000000000000000000000000000100000000000000000001014B00000100008A2F]
2020-08-13 15:41:47,162 INFO   13.08.2020 15:41:47 - responded [00000001]
2020-08-13 15:41:47,782 INFO   13.08.2020 15:41:47 - received [00000000000000448E0100000173E80E1D91000000000000000000000000000000000181000100000000000000000001018100171121DA95203921ED84C1ED97EA92306C5A7F00016643A7010000B4AA]
2020-08-13 15:41:47,782 INFO   13.08.2020 15:41:47 - responded [00000001]
2020-08-13 15:41:57,121 INFO   13.08.2020 15:41:57 - received [000000000000002D8E0100000173E80E44A0000000000000000000000000000000000000000100000000000000000001014B00000100003876]
2020-08-13 15:41:57,122 INFO   13.08.2020 15:41:57 - responded [00000001]
2020-08-13 15:42:07,052 INFO   13.08.2020 15:42:07 - received [000000000000002D8E0100000173E80E6BB0000000000000000000000000000000000000000100000000000000000001014B00000100005773]
2020-08-13 15:42:07,052 INFO   13.08.2020 15:42:07 - responded [00000001]
2020-08-13 15:42:17,088 INFO   13.08.2020 15:42:17 - received [000000000000002D8E0100000173E80E92C0000000000000000000000000000000000000000100000000000000000001014B0000010000D879]
2020-08-13 15:42:17,088 INFO   13.08.2020 15:42:17 - responded [00000001]
2020-08-13 15:42:17,699 INFO   13.08.2020 15:42:17 - received [00000000000000448E0100000173E80E92C1000000000000000000000000000000000181000100000000000000000001018100171121DA95203921ED84C1ED97EA92306C5A7F00016643B50100004102]
2020-08-13 15:42:17,699 INFO   13.08.2020 15:42:17 - responded [00000001]
2020-08-13 15:42:27,025 INFO   13.08.2020 15:42:27 - received [000000000000002D8E0100000173E80EB9D0000000000000000000000000000000000000000100000000000000000001014B0000010000770A]
2020-08-13 15:42:27,025 INFO   13.08.2020 15:42:27 - responded [00000001]
2020-08-13 15:42:37,022 INFO   13.08.2020 15:42:37 - received [000000000000002D8E0100000173E80EE0E0000000000000000000000000000000000000000100000000000000000001014B0000010000C553]
2020-08-13 15:42:37,022 INFO   13.08.2020 15:42:37 - responded [00000001]
2020-08-13 15:42:47,382 INFO   13.08.2020 15:42:47 - received [000000000000002D8E0100000173E80F07F0000000000000000000000000000000000000000100000000000000000001014B0000010000AAB8]
2020-08-13 15:42:47,382 INFO   13.08.2020 15:42:47 - responded [00000001]
2020-08-13 15:42:48,346 INFO   13.08.2020 15:42:48 - received [00000000000000448E0100000173E80F07F1000000000000000000000000000000000181000100000000000000000001018100171121DA95203921ED84C1ED97EA92306C5A7F00016643B4010000E246]
2020-08-13 15:42:48,346 INFO   13.08.2020 15:42:48 - responded [00000001]
2020-08-13 15:42:56,962 INFO   13.08.2020 15:42:56 - received [000000000000002D8E0100000173E80F2F00000000000000000000000000000000000000000100000000000000000001014B00000100001DF5]
2020-08-13 15:42:56,962 INFO   13.08.2020 15:42:56 - responded [00000001]
2020-08-13 15:43:06,899 INFO   13.08.2020 15:43:06 - received [000000000000002D8E0100000173E80F5610000000000000000000000000000000000000000100000000000000000001014B0000010000D411]
2020-08-13 15:43:06,900 INFO   13.08.2020 15:43:06 - responded [00000001]
2020-08-13 15:43:16,887 INFO   13.08.2020 15:43:16 - received [000000000000002D8E0100000173E80F7D20000000000000000000000000000000000000000100000000000000000001014B0000010000C366]
2020-08-13 15:43:16,887 INFO   13.08.2020 15:43:16 - responded [00000001]
2020-08-13 15:43:17,683 INFO   13.08.2020 15:43:17 - received [000000000000002E8E0100000173E80F7D2100000000000000000000000000000000018100010000000000000000000101810001110100009973]
2020-08-13 15:43:17,683 INFO   13.08.2020 15:43:17 - responded [00000001]
2020-08-13 15:43:26,844 INFO   13.08.2020 15:43:26 - received [000000000000002D8E0100000173E80FA430000000000000000000000000000000000000000100000000000000000001014B000001000007DA]
2020-08-13 15:43:26,845 INFO   13.08.2020 15:43:26 - responded [00000001]
2020-08-13 15:43:37,783 INFO   13.08.2020 15:43:37 - received [000000000000002D8E0100000173E80FCB40000000000000000000000000000000000000000100000000000000000001014B000001000027A1]
2020-08-13 15:43:37,783 INFO   13.08.2020 15:43:37 - responded [00000001]
2020-08-13 15:43:48,044 INFO   13.08.2020 15:43:48 - received [00000000000000588E0200000173E80FF250000000000000000000000000000000000000000100000000000000000001014B000000000173E80FF6390000000000000000000000000000000001810001000000000000000000010181000111020000AEBE]
2020-08-13 15:43:48,045 INFO   13.08.2020 15:43:48 - responded [00000002]
2020-08-13 15:43:58,164 INFO   13.08.2020 15:43:58 - received [000000000000002D8E0100000173E8101960000000000000000000000000000000000000000100000000000000000001014B00000100001EA2]
2020-08-13 15:43:58,165 INFO   13.08.2020 15:43:58 - responded [00000001]
2020-08-13 15:44:07,765 INFO   13.08.2020 15:44:07 - received [000000000000002D8E0100000173E8104070000000000000000000000000000000000000000100000000000000000001014B000001000014FF]
2020-08-13 15:44:07,766 INFO   13.08.2020 15:44:07 - responded [00000001]
2020-08-13 15:44:18,166 INFO   13.08.2020 15:44:18 - received [00000000000000588E0200000173E8106780000000000000000000000000000000000000000100000000000000000001014B000000000173E8106B69000000000000000000000000000000000181000100000000000000000001018100011102000049E1]
2020-08-13 15:44:18,167 INFO   13.08.2020 15:44:18 - responded [00000002]
2020-08-13 15:44:27,645 INFO   13.08.2020 15:44:27 - received [000000000000002D8E0100000173E8108E90000000000000000000000000000000000000000100000000000000000001014B000001000095D4]
2020-08-13 15:44:27,645 INFO   13.08.2020 15:44:27 - responded [00000001]
2020-08-13 15:44:37,664 INFO   13.08.2020 15:44:37 - received [000000000000002D8E0100000173E810B5A0000000000000000000000000000000000000000100000000000000000001014B0000010000437E]
2020-08-13 15:44:37,664 INFO   13.08.2020 15:44:37 - responded [00000001]
2020-08-13 15:44:47,605 INFO   13.08.2020 15:44:47 - received [000000000000002D8E0100000173E810DCB0000000000000000000000000000000000000000100000000000000000001014B00000100004B47]
2020-08-13 15:44:47,605 INFO   13.08.2020 15:44:47 - responded [00000001]
2020-08-13 15:44:48,212 INFO   13.08.2020 15:44:48 - received [000000000000002E8E0100000173E810E099000000000000000000000000000000000181000100000000000000000001018100011101000003AE]
2020-08-13 15:44:48,212 INFO   13.08.2020 15:44:48 - responded [00000001]
2020-08-13 15:44:57,571 INFO   13.08.2020 15:44:57 - received [000000000000002D8E0100000173E81103C0000000000000000000000000000000000000000100000000000000000001014B00000100006E28]
2020-08-13 15:44:57,571 INFO   13.08.2020 15:44:57 - responded [00000001]
2020-08-13 15:45:07,864 INFO   13.08.2020 15:45:07 - received [000000000000002D8E0100000173E8112AD0000000000000000000000000000000000000000100000000000000000001014B0000010000A160]
2020-08-13 15:45:07,864 INFO   13.08.2020 15:45:07 - responded [00000001]
2020-08-13 15:45:17,517 INFO   13.08.2020 15:45:17 - received [000000000000002D8E0100000173E81151E0000000000000000000000000000000000000000100000000000000000001014B0000010000B0BB]
2020-08-13 15:45:17,518 INFO   13.08.2020 15:45:17 - responded [00000001]
2020-08-13 15:45:18,164 INFO   13.08.2020 15:45:18 - received [000000000000002E8E0100000173E81155C9000000000000000000000000000000000181000100000000000000000001018100011101000025D7]
2020-08-13 15:45:18,165 INFO   13.08.2020 15:45:18 - responded [00000001]
2020-08-13 15:45:27,481 INFO   13.08.2020 15:45:27 - received [000000000000002D8E0100000173E81178F0000000000000000000000000000000000000000100000000000000000001014B00000100007FF3]
2020-08-13 15:45:27,481 INFO   13.08.2020 15:45:27 - responded [00000001]
2020-08-13 15:45:37,425 INFO   13.08.2020 15:45:37 - received [000000000000002D8E0100000173E811A000000000000000000000000000000000000000000100000000000000000001014B0000010000C34A]
2020-08-13 15:45:37,425 INFO   13.08.2020 15:45:37 - responded [00000001]
2020-08-13 15:45:47,404 INFO   13.08.2020 15:45:47 - received [000000000000002D8E0100000173E811C710000000000000000000000000000000000000000100000000000000000001014B0000010000ABD1]
2020-08-13 15:45:47,404 INFO   13.08.2020 15:45:47 - responded [00000001]
2020-08-13 15:45:48,659 INFO   13.08.2020 15:45:48 - received [000000000000002E8E0100000173E811CAF9000000000000000000000000000000000181000100000000000000000001018100011101000046CC]
2020-08-13 15:45:48,660 INFO   13.08.2020 15:45:48 - responded [00000001]
2020-08-13 15:45:57,780 INFO   13.08.2020 15:45:57 - received [000000000000002D8E0100000173E811EE20000000000000000000000000000000000000000100000000000000000001014B0000010000DC9D]
2020-08-13 15:45:57,781 INFO   13.08.2020 15:45:57 - responded [00000001]
2020-08-13 15:46:07,381 INFO   13.08.2020 15:46:07 - received [000000000000002D8E0100000173E8121530000000000000000000000000000000000000000100000000000000000001014B0000010000A113]
2020-08-13 15:46:07,381 INFO   13.08.2020 15:46:07 - responded [00000001]
2020-08-13 15:46:17,707 INFO   13.08.2020 15:46:17 - received [000000000000002D8E0100000173E8123C40000000000000000000000000000000000000000100000000000000000001014B0000010000E654]
2020-08-13 15:46:17,707 INFO   13.08.2020 15:46:17 - responded [00000001]
2020-08-13 15:46:18,448 INFO   13.08.2020 15:46:18 - received [000000000000002E8E0100000173E812402900000000000000000000000000000000018100010000000000000000000101810001110100002D34]
2020-08-13 15:46:18,448 INFO   13.08.2020 15:46:18 - responded [00000001]
2020-08-13 15:46:27,308 INFO   13.08.2020 15:46:27 - received [000000000000002D8E0100000173E8126350000000000000000000000000000000000000000100000000000000000001014B00000100004C44]
2020-08-13 15:46:27,308 INFO   13.08.2020 15:46:27 - responded [00000001]
2020-08-13 15:46:32,737 INFO   13.08.2020 15:46:32 Received connection request from 127.0.0.1:38630
2020-08-13 15:46:37,264 INFO   13.08.2020 15:46:37 - received [000000000000002D8E0100000173E8128A60000000000000000000000000000000000000000100000000000000000001014B00000100003298]
2020-08-13 15:46:37,264 INFO   13.08.2020 15:46:37 - responded [00000001]
2020-08-13 15:46:47,245 INFO   13.08.2020 15:46:47 - received [000000000000002D8E0100000173E812B170000000000000000000000000000000000000000100000000000000000001014B00000100005C36]
2020-08-13 15:46:47,245 INFO   13.08.2020 15:46:47 - responded [00000001]
2020-08-13 15:46:47,961 INFO   13.08.2020 15:46:47 - received [000000000000002E8E0100000173E812B559000000000000000000000000000000000181000100000000000000000001018100011101000040FB]
2020-08-13 15:46:47,962 INFO   13.08.2020 15:46:47 - responded [00000001]
2020-08-13 15:46:57,227 INFO   13.08.2020 15:46:57 - received [000000000000002D8E0100000173E812D880000000000000000000000000000000000000000100000000000000000001014B0000010000BC16]
2020-08-13 15:46:57,227 INFO   13.08.2020 15:46:57 - responded [00000001]
2020-08-13 15:47:07,148 INFO   13.08.2020 15:47:07 - received [000000000000002D8E0100000173E812FF90000000000000000000000000000000000000000100000000000000000001014B000001000013FC]
2020-08-13 15:47:07,148 INFO   13.08.2020 15:47:07 - responded [00000001]
2020-08-13 15:47:17,144 INFO   13.08.2020 15:47:17 - received [000000000000002D8E0100000173E81326A0000000000000000000000000000000000000000100000000000000000001014B0000010000A6D5]
2020-08-13 15:47:17,145 INFO   13.08.2020 15:47:17 - responded [00000001]
2020-08-13 15:47:27,123 INFO   13.08.2020 15:47:27 - received [00000000000000588E0200000173E8132A89000000000000000000000000000000000181000100000000000000000001018100011100000173E8134DB0000000000000000000000000000000000000000100000000000000000001014B00000200007DA7]
2020-08-13 15:47:27,123 INFO   13.08.2020 15:47:27 - responded [00000002]
2020-08-13 15:47:37,407 INFO   13.08.2020 15:47:37 - received [000000000000002D8E0100000173E81374C0000000000000000000000000000000000000000100000000000000000001014B0000010000484D]
2020-08-13 15:47:37,407 INFO   13.08.2020 15:47:37 - responded [00000001]
2020-08-13 15:47:47,086 INFO   13.08.2020 15:47:47 - received [000000000000002D8E0100000173E8139BD0000000000000000000000000000000000000000100000000000000000001014B00000100002ED8]
2020-08-13 15:47:47,086 INFO   13.08.2020 15:47:47 - responded [00000001]
2020-08-13 15:47:57,029 INFO   13.08.2020 15:47:57 - received [00000000000000588E0200000173E8139FB9000000000000000000000000000000000181000100000000000000000001018100011100000173E813C2E0000000000000000000000000000000000000000100000000000000000001014B0000020000D162]
2020-08-13 15:47:57,029 INFO   13.08.2020 15:47:57 - responded [00000002]
2020-08-13 15:48:06,989 INFO   13.08.2020 15:48:06 - received [000000000000002D8E0100000173E813E9F0000000000000000000000000000000000000000100000000000000000001014B000001000033F2]
2020-08-13 15:48:06,989 INFO   13.08.2020 15:48:06 - responded [00000001]
2020-08-13 15:48:16,966 INFO   13.08.2020 15:48:16 - received [000000000000002D8E0100000173E8141100000000000000000000000000000000000000000100000000000000000001014B0000010000B003]
2020-08-13 15:48:16,966 INFO   13.08.2020 15:48:16 - responded [00000001]
2020-08-13 15:48:18,240 INFO   13.08.2020 15:48:18 - received [000000000000002E8E0100000173E81414E9000000000000000000000000000000000181000100000000000000000001018100011101000097D6]
2020-08-13 15:48:18,241 INFO   13.08.2020 15:48:18 - responded [00000001]
2020-08-13 15:48:26,967 INFO   13.08.2020 15:48:26 - received [000000000000002D8E0100000173E8143810000000000000000000000000000000000000000100000000000000000001014B00000100007F4B]
2020-08-13 15:48:26,967 INFO   13.08.2020 15:48:26 - responded [00000001]
2020-08-13 15:48:37,230 INFO   13.08.2020 15:48:37 - received [000000000000002D8E0100000173E8145F20000000000000000000000000000000000000000100000000000000000001014B0000010000AFD4]
2020-08-13 15:48:37,231 INFO   13.08.2020 15:48:37 - responded [00000001]
2020-08-13 15:48:46,864 INFO   13.08.2020 15:48:46 - received [000000000000002D8E0100000173E8148630000000000000000000000000000000000000000100000000000000000001014B00000100006B68]
2020-08-13 15:48:46,864 INFO   13.08.2020 15:48:46 - responded [00000001]
2020-08-13 15:48:48,283 INFO   13.08.2020 15:48:48 - received [000000000000002E8E0100000173E8148A19000000000000000000000000000000000181000100000000000000000001018100011101000034CC]
2020-08-13 15:48:48,283 INFO   13.08.2020 15:48:48 - responded [00000001]
2020-08-13 15:48:57,866 INFO   13.08.2020 15:48:57 - received [000000000000002D8E0100000173E814AD40000000000000000000000000000000000000000100000000000000000001014B00000100004C14]
2020-08-13 15:48:57,866 INFO   13.08.2020 15:48:57 - responded [00000001]
2020-08-13 15:49:07,804 INFO   13.08.2020 15:49:07 - received [000000000000002D8E0100000173E814D450000000000000000000000000000000000000000100000000000000000001014B000001000085F0]
2020-08-13 15:49:07,805 INFO   13.08.2020 15:49:07 - responded [00000001]
2020-08-13 15:49:17,764 INFO   13.08.2020 15:49:17 - received [000000000000002D8E0100000173E814FB60000000000000000000000000000000000000000100000000000000000001014B000001000052F1]
2020-08-13 15:49:17,764 INFO   13.08.2020 15:49:17 - responded [00000001]
2020-08-13 15:49:18,383 INFO   13.08.2020 15:49:18 - received [000000000000002E8E0100000173E814FF490000000000000000000000000000000001810001000000000000000000010181000111010000D2B4]
2020-08-13 15:49:18,383 INFO   13.08.2020 15:49:18 - responded [00000001]
2020-08-13 15:49:27,702 INFO   13.08.2020 15:49:27 - received [000000000000002D8E0100000173E8152270000000000000000000000000000000000000000100000000000000000001014B00000100005FDC]
2020-08-13 15:49:27,702 INFO   13.08.2020 15:49:27 - responded [00000001]
2020-08-13 15:49:38,068 INFO   13.08.2020 15:49:38 - received [000000000000002D8E0100000173E8154980000000000000000000000000000000000000000100000000000000000001014B0000010000DFC7]
2020-08-13 15:49:38,068 INFO   13.08.2020 15:49:38 - responded [00000001]
2020-08-13 15:49:47,765 INFO   13.08.2020 15:49:47 - received [000000000000002D8E0100000173E8157090000000000000000000000000000000000000000100000000000000000001014B0000010000D152]
2020-08-13 15:49:47,765 INFO   13.08.2020 15:49:47 - responded [00000001]
2020-08-13 15:49:48,369 INFO   13.08.2020 15:49:48 - received [000000000000002E8E0100000173E81574790000000000000000000000000000000001810001000000000000000000010181000111010000A2E7]
2020-08-13 15:49:48,369 INFO   13.08.2020 15:49:48 - responded [00000001]
2020-08-13 15:49:57,667 INFO   13.08.2020 15:49:57 - received [000000000000002D8E0100000173E81597A0000000000000000000000000000000000000000100000000000000000001014B0000010000CF2C]
2020-08-13 15:49:57,667 INFO   13.08.2020 15:49:57 - responded [00000001]
2020-08-13 15:50:07,604 INFO   13.08.2020 15:50:07 - received [000000000000002D8E0100000173E815BEB0000000000000000000000000000000000000000100000000000000000001014B00000100000064]
2020-08-13 15:50:07,604 INFO   13.08.2020 15:50:07 - responded [00000001]
2020-08-13 15:50:17,670 INFO   13.08.2020 15:50:17 - received [000000000000002D8E0100000173E815E5C0000000000000000000000000000000000000000100000000000000000001014B0000010000E20D]
2020-08-13 15:50:17,671 INFO   13.08.2020 15:50:17 - responded [00000001]
2020-08-13 15:50:18,412 INFO   13.08.2020 15:50:18 - received [000000000000002E8E0100000173E815E9A90000000000000000000000000000000001810001000000000000000000010181000111010000D8F4]
2020-08-13 15:50:18,413 INFO   13.08.2020 15:50:18 - responded [00000001]
2020-08-13 15:50:27,547 INFO   13.08.2020 15:50:27 - received [000000000000002D8E0100000173E8160CD0000000000000000000000000000000000000000100000000000000000001014B00000100003E65]
2020-08-13 15:50:27,547 INFO   13.08.2020 15:50:27 - responded [00000001]
2020-08-13 15:50:37,525 INFO   13.08.2020 15:50:37 - received [000000000000002D8E0100000173E81633E0000000000000000000000000000000000000000100000000000000000001014B000001000028B9]
2020-08-13 15:50:37,525 INFO   13.08.2020 15:50:37 - responded [00000001]
2020-08-13 15:50:47,866 INFO   13.08.2020 15:50:47 - received [000000000000002D8E0100000173E8165AF0000000000000000000000000000000000000000100000000000000000001014B00000100002080]
2020-08-13 15:50:47,866 INFO   13.08.2020 15:50:47 - responded [00000001]
2020-08-13 15:50:51,600 INFO   13.08.2020 15:50:51 - received [00000000000000448E0100000173E8165ED9000000000000000000000000000000000181000100000000000000000001018100171121DA95206921ED84C1ED97EA92306C5A7F00020C38BF0100006BAF]
2020-08-13 15:50:51,600 INFO   13.08.2020 15:50:51 - responded [00000001]
2020-08-13 15:50:57,462 INFO   13.08.2020 15:50:57 - received [000000000000002D8E0100000173E8168200000000000000000000000000000000000000000100000000000000000001014B00000100009C39]
2020-08-13 15:50:57,462 INFO   13.08.2020 15:50:57 - responded [00000001]
2020-08-13 15:51:07,450 INFO   13.08.2020 15:51:07 - received [000000000000002D8E0100000173E816A910000000000000000000000000000000000000000100000000000000000001014B0000010000334A]
2020-08-13 15:51:07,450 INFO   13.08.2020 15:51:07 - responded [00000001]
2020-08-13 15:51:17,382 INFO   13.08.2020 15:51:17 - received [000000000000002D8E0100000173E816D020000000000000000000000000000000000000000100000000000000000001014B000001000042AA]
2020-08-13 15:51:17,382 INFO   13.08.2020 15:51:17 - responded [00000001]
2020-08-13 15:51:19,114 INFO   13.08.2020 15:51:19 - received [00000000000000448E0100000173E816D409000000000000000000000000000000000181000100000000000000000001018100171121DA95206921ED84C1ED97EA92306C5A7F00020C38BA0100000A0D]
2020-08-13 15:51:19,114 INFO   13.08.2020 15:51:19 - responded [00000001]
2020-08-13 15:51:27,370 INFO   13.08.2020 15:51:27 - received [000000000000002D8E0100000173E816F730000000000000000000000000000000000000000100000000000000000001014B0000010000ED40]
2020-08-13 15:51:27,370 INFO   13.08.2020 15:51:27 - responded [00000001]
2020-08-13 15:51:28,659 INFO   13.08.2020 15:51:28 Received connection request from 127.0.0.1:38636
2020-08-13 15:51:28,659 INFO   13.08.2020 15:51:28 - received [17002F11332E3133372E36332E31333100464D4C003F40010100]
2020-08-13 15:51:28,659 INFO   13.08.2020 15:51:28 - responded [01]
2020-08-13 15:51:37,646 INFO   13.08.2020 15:51:37 - received [000000000000002D8E0100000173E8171E40000000000000000000000000000000000000000100000000000000000001014B00000100006A06]
2020-08-13 15:51:37,646 INFO   13.08.2020 15:51:37 - responded [00000001]
2020-08-13 15:51:47,328 INFO   13.08.2020 15:51:47 - received [000000000000002D8E0100000173E8174550000000000000000000000000000000000000000100000000000000000001014B00000100000060]
2020-08-13 15:51:47,328 INFO   13.08.2020 15:51:47 - responded [00000001]
2020-08-13 15:51:48,647 INFO   13.08.2020 15:51:48 - received [00000000000000448E0100000173E8174939000000000000000000000000000000000181000100000000000000000001018100171121DA95206921ED84C1ED97EA92306C5A7F00020C38BD010000A941]
2020-08-13 15:51:48,647 INFO   13.08.2020 15:51:48 - responded [00000001]
2020-08-13 15:51:58,066 INFO   13.08.2020 15:51:58 - received [000000000000002D8E0100000173E8176C60000000000000000000000000000000000000000100000000000000000001014B0000010000772C]
2020-08-13 15:51:58,066 INFO   13.08.2020 15:51:58 - responded [00000001]
2020-08-13 15:52:07,294 INFO   13.08.2020 15:52:07 - received [000000000000002D8E0100000173E8179370000000000000000000000000000000000000000100000000000000000001014B0000010000D064]
2020-08-13 15:52:07,294 INFO   13.08.2020 15:52:07 - responded [00000001]
2020-08-13 15:52:17,209 INFO   13.08.2020 15:52:17 - received [000000000000002D8E0100000173E817BA80000000000000000000000000000000000000000100000000000000000001014B0000010000F735]
2020-08-13 15:52:17,210 INFO   13.08.2020 15:52:17 - responded [00000001]
2020-08-13 15:52:18,662 INFO   13.08.2020 15:52:18 - received [000000000000002E8E0100000173E817BE6900000000000000000000000000000000018100010000000000000000000101810001110100004880]
2020-08-13 15:52:18,662 INFO   13.08.2020 15:52:18 - responded [00000001]
2020-08-13 15:52:27,181 INFO   13.08.2020 15:52:27 - received [000000000000002D8E0100000173E817E190000000000000000000000000000000000000000100000000000000000001014B00000100009D53]
2020-08-13 15:52:27,181 INFO   13.08.2020 15:52:27 - responded [00000001]
2020-08-13 15:52:37,169 INFO   13.08.2020 15:52:37 - received [000000000000002D8E0100000173E81808A0000000000000000000000000000000000000000100000000000000000001014B000001000093FF]
2020-08-13 15:52:37,169 INFO   13.08.2020 15:52:37 - responded [00000001]
2020-08-13 15:52:47,152 INFO   13.08.2020 15:52:47 - received [000000000000002D8E0100000173E8182FB0000000000000000000000000000000000000000100000000000000000001014B00000100003C15]
2020-08-13 15:52:47,152 INFO   13.08.2020 15:52:47 - responded [00000001]
2020-08-13 15:52:48,720 INFO   13.08.2020 15:52:48 - received [00000000000000448E0100000173E8183399000000000000000000000000000000000181000100000000000000000001018100171121DA95206921ED84C1ED97EA92306C5A7F00020C38BD010000F637]
2020-08-13 15:52:48,720 INFO   13.08.2020 15:52:48 - responded [00000001]
2020-08-13 15:52:57,130 INFO   13.08.2020 15:52:57 - received [000000000000002D8E0100000173E81856C0000000000000000000000000000000000000000100000000000000000001014B00000100007DFE]
2020-08-13 15:52:57,130 INFO   13.08.2020 15:52:57 - responded [00000001]
2020-08-13 15:53:07,059 INFO   13.08.2020 15:53:07 - received [000000000000002D8E0100000173E8187DD0000000000000000000000000000000000000000100000000000000000001014B0000010000D28D]
2020-08-13 15:53:07,059 INFO   13.08.2020 15:53:07 - responded [00000001]
2020-08-13 15:53:17,443 INFO   13.08.2020 15:53:17 - received [000000000000002D8E0100000173E818A4E0000000000000000000000000000000000000000100000000000000000001014B0000010000AE35]
2020-08-13 15:53:17,444 INFO   13.08.2020 15:53:17 - responded [00000001]
2020-08-13 15:53:18,785 INFO   13.08.2020 15:53:18 - received [00000000000000448E0100000173E818ACB1000000000000000000000000000000000181000100000000000000000001018100171121DA95206921ED84C1ED97EA92306C5A7F00020C38BD010000C206]
2020-08-13 15:53:18,785 INFO   13.08.2020 15:53:18 - responded [00000001]
2020-08-13 15:53:27,029 INFO   13.08.2020 15:53:27 - received [000000000000002D8E0100000173E818CBF0000000000000000000000000000000000000000100000000000000000001014B00000100000641]
2020-08-13 15:53:27,030 INFO   13.08.2020 15:53:27 - responded [00000001]
2020-08-13 15:53:36,967 INFO   13.08.2020 15:53:36 - received [000000000000002D8E0100000173E818F300000000000000000000000000000000000000000100000000000000000001014B000001000070D1]
2020-08-13 15:53:36,967 INFO   13.08.2020 15:53:36 - responded [00000001]
2020-08-13 15:53:46,945 INFO   13.08.2020 15:53:46 - received [000000000000002D8E0100000173E8191A10000000000000000000000000000000000000000100000000000000000001014B00000100007F98]
2020-08-13 15:53:46,945 INFO   13.08.2020 15:53:46 - responded [00000001]
2020-08-13 15:53:48,943 INFO   13.08.2020 15:53:48 - received [00000000000000448E0100000173E81921E1000000000000000000000000000000000181000100000000000000000001018100171121DA95206921ED84C1ED97EA92306C5A7F00020C38BB0100008F5E]
2020-08-13 15:53:48,943 INFO   13.08.2020 15:53:48 - responded [00000001]
2020-08-13 15:53:57,906 INFO   13.08.2020 15:53:57 - received [000000000000002D8E0100000173E8194120000000000000000000000000000000000000000100000000000000000001014B0000010000ADFA]
2020-08-13 15:53:57,907 INFO   13.08.2020 15:53:57 - responded [00000001]
2020-08-13 15:54:06,888 INFO   13.08.2020 15:54:06 - received [000000000000002D8E0100000173E8196830000000000000000000000000000000000000000100000000000000000001014B000001000062B2]
2020-08-13 15:54:06,889 INFO   13.08.2020 15:54:06 - responded [00000001]
2020-08-13 15:54:16,864 INFO   13.08.2020 15:54:16 - received [000000000000002D8E0100000173E8198F40000000000000000000000000000000000000000100000000000000000001014B00000100004CC7]
2020-08-13 15:54:16,865 INFO   13.08.2020 15:54:16 - responded [00000001]
2020-08-13 15:54:18,883 INFO   13.08.2020 15:54:18 - received [000000000000002E8E0100000173E81997110000000000000000000000000000000001810001000000000000000000010181000111010000F211]
2020-08-13 15:54:18,883 INFO   13.08.2020 15:54:18 - responded [00000001]
2020-08-13 15:54:28,184 INFO   13.08.2020 15:54:28 - received [000000000000002D8E0100000173E819B650000000000000000000000000000000000000000100000000000000000001014B00000100004252]
2020-08-13 15:54:28,184 INFO   13.08.2020 15:54:28 - responded [00000001]
2020-08-13 15:54:37,802 INFO   13.08.2020 15:54:37 - received [000000000000002D8E0100000173E819DD60000000000000000000000000000000000000000100000000000000000001014B00000100009254]
2020-08-13 15:54:37,802 INFO   13.08.2020 15:54:37 - responded [00000001]
2020-08-13 15:54:47,745 INFO   13.08.2020 15:54:47 - received [000000000000002D8E0100000173E81A0470000000000000000000000000000000000000000100000000000000000001014B00000100004C58]
2020-08-13 15:54:47,745 INFO   13.08.2020 15:54:47 - responded [00000001]
2020-08-13 15:54:49,050 INFO   13.08.2020 15:54:49 - received [00000000000000448E0100000173E81A0C41000000000000000000000000000000000181000100000000000000000001018100171121DA95206921ED84C1ED97EA92306C5A7F00020C38C0010000905C]
2020-08-13 15:54:49,050 INFO   13.08.2020 15:54:49 - responded [00000001]
2020-08-13 15:54:58,288 INFO   13.08.2020 15:54:58 - received [000000000000002D8E0100000173E81A2B80000000000000000000000000000000000000000100000000000000000001014B0000010000CB44]
2020-08-13 15:54:58,288 INFO   13.08.2020 15:54:58 - responded [00000001]
2020-08-13 15:55:07,689 INFO   13.08.2020 15:55:07 - received [000000000000002D8E0100000173E81A5290000000000000000000000000000000000000000100000000000000000001014B000001000002A0]
2020-08-13 15:55:07,690 INFO   13.08.2020 15:55:07 - responded [00000001]
2020-08-13 15:55:17,687 INFO   13.08.2020 15:55:17 - received [000000000000002D8E0100000173E81A79A0000000000000000000000000000000000000000100000000000000000001014B000001000015D7]
2020-08-13 15:55:17,688 INFO   13.08.2020 15:55:17 - responded [00000001]
2020-08-13 15:55:18,966 INFO   13.08.2020 15:55:18 - received [00000000000000448E0100000173E81A8171000000000000000000000000000000000181000100000000000000000001018100171121DA95206921ED84C1ED97EA92306C5A7F00020C38B901000053D9]
2020-08-13 15:55:18,966 INFO   13.08.2020 15:55:18 - responded [00000001]
2020-08-13 15:55:27,585 INFO   13.08.2020 15:55:27 - received [000000000000002D8E0100000173E81AA0B0000000000000000000000000000000000000000100000000000000000001014B0000010000D16B]
2020-08-13 15:55:27,586 INFO   13.08.2020 15:55:27 - responded [00000001]
2020-08-13 15:55:37,610 INFO   13.08.2020 15:55:37 - received [000000000000002D8E0100000173E81AC7C0000000000000000000000000000000000000000100000000000000000001014B000001000031FF]
2020-08-13 15:55:37,610 INFO   13.08.2020 15:55:37 - responded [00000001]
2020-08-13 15:55:47,623 INFO   13.08.2020 15:55:47 - received [000000000000002D8E0100000173E81AEED0000000000000000000000000000000000000000100000000000000000001014B0000010000FEB7]
2020-08-13 15:55:47,624 INFO   13.08.2020 15:55:47 - responded [00000001]
2020-08-13 15:55:49,143 INFO   13.08.2020 15:55:49 - received [00000000000000448E0100000173E81AF6A1000000000000000000000000000000000181000100000000000000000001018100171121DA95206921ED84C1ED97EA92306C5A7F00020C38BA010000FEB5]
2020-08-13 15:55:49,144 INFO   13.08.2020 15:55:49 - responded [00000001]
2020-08-13 15:55:57,527 INFO   13.08.2020 15:55:57 - received [000000000000002D8E0100000173E81B15E0000000000000000000000000000000000000000100000000000000000001014B0000010000E81C]
2020-08-13 15:55:57,527 INFO   13.08.2020 15:55:57 - responded [00000001]
2020-08-13 15:56:07,585 INFO   13.08.2020 15:56:07 - received [000000000000002D8E0100000173E81B3CF0000000000000000000000000000000000000000100000000000000000001014B00000100002754]
2020-08-13 15:56:07,585 INFO   13.08.2020 15:56:07 - responded [00000001]
2020-08-13 15:56:17,522 INFO   13.08.2020 15:56:17 - received [000000000000002D8E0100000173E81B6400000000000000000000000000000000000000000100000000000000000001014B0000010000550C]
2020-08-13 15:56:17,523 INFO   13.08.2020 15:56:17 - responded [00000001]
2020-08-13 15:56:20,046 INFO   13.08.2020 15:56:20 - received [00000000000000448E0100000173E81B6BD1000000000000000000000000000000000181000100000000000000000001018100171121DA95203921ED84C1ED97EA92306C5A7F00016643B40100009407]
2020-08-13 15:56:20,046 INFO   13.08.2020 15:56:20 - responded [00000001]
2020-08-13 15:56:27,485 INFO   13.08.2020 15:56:27 - received [000000000000002D8E0100000173E81B8B10000000000000000000000000000000000000000100000000000000000001014B00000100003399]
2020-08-13 15:56:27,485 INFO   13.08.2020 15:56:27 - responded [00000001]
2020-08-13 15:56:37,452 INFO   13.08.2020 15:56:37 - received [000000000000002D8E0100000173E81BB220000000000000000000000000000000000000000100000000000000000001014B00000100008508]
2020-08-13 15:56:37,453 INFO   13.08.2020 15:56:37 - responded [00000001]
2020-08-13 15:56:47,428 INFO   13.08.2020 15:56:47 - received [000000000000002D8E0100000173E81BD930000000000000000000000000000000000000000100000000000000000001014B0000010000ED0A]
2020-08-13 15:56:47,428 INFO   13.08.2020 15:56:47 - responded [00000001]
2020-08-13 15:56:49,140 INFO   13.08.2020 15:56:49 - received [000000000000005A8E0100000173E81BE1010000000000000000000000000000000001810001000000000000000000010181002D1121DA95206921ED84C1ED97EA92306C5A7F00020C38B921DA95203921ED84C1ED97EA92306C5A7F00016643B30100009668]
2020-08-13 15:56:49,140 INFO   13.08.2020 15:56:49 - responded [00000001]
2020-08-13 15:56:57,406 INFO   13.08.2020 15:56:57 - received [000000000000002D8E0100000173E81C0040000000000000000000000000000000000000000100000000000000000001014B00000100005D48]
2020-08-13 15:56:57,407 INFO   13.08.2020 15:56:57 - responded [00000001]
2020-08-13 15:57:07,408 INFO   13.08.2020 15:57:07 - received [000000000000002D8E0100000173E81C2750000000000000000000000000000000000000000100000000000000000001014B0000010000F2A2]
2020-08-13 15:57:07,408 INFO   13.08.2020 15:57:07 - responded [00000001]
2020-08-13 15:57:17,308 INFO   13.08.2020 15:57:17 - received [000000000000002D8E0100000173E81C4E60000000000000000000000000000000000000000100000000000000000001014B0000010000429F]
2020-08-13 15:57:17,308 INFO   13.08.2020 15:57:17 - responded [00000001]
2020-08-13 15:57:19,251 INFO   13.08.2020 15:57:19 - received [000000000000005A8E0100000173E81C56310000000000000000000000000000000001810001000000000000000000010181002D1121DA95206921ED84C1ED97EA92306C5A7F00020C38BD21DA95203921ED84C1ED97EA92306C5A7F00016643B9010000AF38]
2020-08-13 15:57:19,251 INFO   13.08.2020 15:57:19 - responded [00000001]
2020-08-13 15:57:27,287 INFO   13.08.2020 15:57:27 - received [000000000000002D8E0100000173E81C7570000000000000000000000000000000000000000100000000000000000001014B00000100002C31]
2020-08-13 15:57:37,291 INFO   13.08.2020 15:57:37 - responded [00000001]
2020-08-13 15:57:47,207 INFO   13.08.2020 15:57:47 - received [000000000000005A8E01000001740C5827910004CE44F51F3C78BE0035015C0D000001810001000000000000000000010181002D1121DA95206921ED84C1ED97EA92306C5A7F00020C38A721DA95203921ED84C1ED97EA92306C5A7F00016643B30100000947]
2020-08-13 15:57:47,207 INFO   13.08.2020 15:57:47 - responded [00000001]
2020-08-13 15:57:49,289 INFO   13.08.2020 15:57:49 - received [000000000000005A8E0100000173E81CCB610000000000000000000000000000000001810001000000000000000000010181002D1121DA95206921ED84C1ED97EA92306C5A7F00020C38BD21DA95203921ED84C1ED97EA92306C5A7F00016643AE0100004A04]
2020-08-13 15:57:49,289 INFO   13.08.2020 15:57:49 - responded [00000001]
2020-08-13 15:57:57,229 INFO   13.08.2020 15:57:57 - received [000000000000002D8E0100000173E81CEAA0000000000000000000000000000000000000000100000000000000000001014B0000010000DFAC]
2020-08-13 15:57:57,229 INFO   13.08.2020 15:57:57 - responded [00000001]
2020-08-13 15:58:07,166 INFO   13.08.2020 15:58:07 - received [000000000000002D8E0100000173E81D11B0000000000000000000000000000000000000000100000000000000000001014B00000100007103]
2020-08-13 15:58:07,167 INFO   13.08.2020 15:58:07 - responded [00000001]
2020-08-13 15:58:14,771 INFO   13.08.2020 15:58:14 Received connection request from 127.0.0.1:38644
2020-08-13 15:58:17,147 INFO   13.08.2020 15:58:17 - received [000000000000002D8E0100000173E81D38C0000000000000000000000000000000000000000100000000000000000001014B00000100003644]
2020-08-13 15:58:17,147 INFO   13.08.2020 15:58:17 - responded [00000001]
2020-08-13 15:58:19,390 INFO   13.08.2020 15:58:19 - received [000000000000005A8E0100000173E81D40910000000000000000000000000000000001810001000000000000000000010181002D1121DA95206921ED84C1ED97EA92306C5A7F00020C38BC21DA95203921ED84C1ED97EA92306C5A7F00016643A80100000693]
2020-08-13 15:58:19,390 INFO   13.08.2020 15:58:19 - responded [00000001]
2020-08-13 15:58:27,144 INFO   13.08.2020 15:58:27 - received [000000000000002D8E0100000173E81D5FD0000000000000000000000000000000000000000100000000000000000001014B00000100005EDF]
2020-08-13 15:58:27,145 INFO   13.08.2020 15:58:27 - responded [00000001]
2020-08-13 15:58:37,440 INFO   13.08.2020 15:58:37 - received [000000000000002D8E0100000173E81D86E0000000000000000000000000000000000000000100000000000000000001014B00000100002267]
2020-08-13 15:58:37,441 INFO   13.08.2020 15:58:37 - responded [00000001]